
> versati-glass@1.0.0 test:e2e
> playwright test

[dotenv@17.2.3] injecting env (29) from .env.test -- tip: ðŸ‘¥ sync secrets across teammates & machines: https://dotenvx.com/ops

Running 64 tests using 4 workers

[1A[2K[dotenv@17.2.3] injecting env (0) from .env.test -- tip: ðŸ› ï¸  run anywhere with `dotenvx run -- yourcommand`

[1A[2K[dotenv@17.2.3] injecting env (0) from .env.test -- tip: âš™ï¸  specify custom .env file path with { path: '/custom/path/.env' }

[1A[2K[dotenv@17.2.3] injecting env (0) from .env.test -- tip: ðŸ”„ add secrets lifecycle management: https://dotenvx.com/ops

[1A[2K[dotenv@17.2.3] injecting env (0) from .env.test -- tip: âš™ï¸  load multiple .env files with { path: ['.env.local', '.env'] }

[1A[2K[1/64] [chromium-public] â€º e2e\01-homepage.spec.ts:10:7 â€º Homepage â€º should display hero section
[1A[2K[2/64] [setup] â€º e2e\auth.setup.ts:16:6 â€º authenticate as customer
[1A[2K[3/64] [setup] â€º e2e\auth.setup.ts:53:6 â€º authenticate as admin
[1A[2K[4/64] [chromium-public] â€º e2e\01-homepage.spec.ts:4:7 â€º Homepage â€º should load successfully
[1A[2K[5/64] [chromium-public] â€º e2e\01-homepage.spec.ts:24:7 â€º Homepage â€º should navigate to products page
[1A[2K[2m[WebServer] [22m[33m[auth][warn][debug-enabled][0m Read more: https://warnings.authjs.dev

[1A[2K[6/64] [chromium-public] â€º e2e\01-homepage.spec.ts:47:7 â€º Homepage â€º should navigate to services page
[1A[2K[dotenv@17.2.3] injecting env (0) from .env.test -- tip: ðŸ› ï¸  run anywhere with `dotenvx run -- yourcommand`

[1A[2K[7/64] [setup] â€º e2e\auth.setup.ts:53:6 â€º authenticate as admin (retry #1)
[1A[2K[2m[WebServer] [22m[33m[auth][warn][debug-enabled][0m Read more: https://warnings.authjs.dev

[1A[2K[2m[WebServer] [22m[ERROR] 2025-12-19T07:17:55.636Z - [AUTH] User not found or no password { email: [32m'admin@versatiglass.com'[39m, found: [33mfalse[39m }

[1A[2K[2m[WebServer] [22m[31m[auth][error][0m CredentialsSignin: Read more at https://errors.authjs.dev#credentialssignin

[1A[2K[2m[WebServer] [22m    at Module.callback (webpack-internal:///(rsc)/./node_modules/.pnpm/@auth+core@0.41.0/node_modules/@auth/core/lib/actions/callback/index.js:246:23)
[2m[WebServer] [22m    at async AuthInternal (webpack-internal:///(rsc)/./node_modules/.pnpm/@auth+core@0.41.0/node_modules/@auth/core/lib/index.js:70:24)
[2m[WebServer] [22m    at async Auth (webpack-internal:///(rsc)/./node_modules/.pnpm/@auth+core@0.41.0/node_modules/@auth/core/index.js:130:34)
[2m[WebServer] [22m    at async D:\VERSATI GLASS\node_modules\.pnpm\next@14.2.33_@babel+core@7._7ed58a22f15b2f2041835ab71b63c437\node_modules\next\dist\compiled\next-server\app-route.runtime.dev.js:6:57228
[2m[WebServer] [22m    at async eT.execute (D:\VERSATI GLASS\node_modules\.pnpm\next@14.2.33_@babel+core@7._7ed58a22f15b2f2041835ab71b63c437\node_modules\next\dist\compiled\next-server\app-route.runtime.dev.js:6:46851)
[2m[WebServer] [22m    at async eT.handle (D:\VERSATI GLASS\node_modules\.pnpm\next@14.2.33_@babel+core@7._7ed58a22f15b2f2041835ab71b63c437\node_modules\next\dist\compiled\next-server\app-route.runtime.dev.js:6:58760)
[2m[WebServer] [22m    at async doRender (D:\VERSATI GLASS\node_modules\.pnpm\next@14.2.33_@babel+core@7._7ed58a22f15b2f2041835ab71b63c437\node_modules\next\dist\server\base-server.js:1366:42)
[2m[WebServer] [22m    at async cacheEntry.responseCache.get.routeKind (D:\VERSATI GLASS\node_modules\.pnpm\next@14.2.33_@babel+core@7._7ed58a22f15b2f2041835ab71b63c437\node_modules\next\dist\server\base-server.js:1576:40)
[2m[WebServer] [22m    at async DevServer.renderToResponseWithComponentsImpl (D:\VERSATI GLASS\node_modules\.pnpm\next@14.2.33_@babel+core@7._7ed58a22f15b2f2041835ab71b63c437\node_modules\next\dist\server\base-server.js:1496:28)
[2m[WebServer] [22m    at async DevServer.renderPageComponent (D:\VERSATI GLASS\node_modules\.pnpm\next@14.2.33_@babel+core@7._7ed58a22f15b2f2041835ab71b63c437\node_modules\next\dist\server\base-server.js:1924:24)
[2m[WebServer] [22m    at async DevServer.renderToResponseImpl (D:\VERSATI GLASS\node_modules\.pnpm\next@14.2.33_@babel+core@7._7ed58a22f15b2f2041835ab71b63c437\node_modules\next\dist\server\base-server.js:1962:32)
[2m[WebServer] [22m    at async DevServer.pipeImpl (D:\VERSATI GLASS\node_modules\.pnpm\next@14.2.33_@babel+core@7._7ed58a22f15b2f2041835ab71b63c437\node_modules\next\dist\server\base-server.js:922:25)
[2m[WebServer] [22m    at async NextNodeServer.handleCatchallRenderRequest (D:\VERSATI GLASS\node_modules\.pnpm\next@14.2.33_@babel+core@7._7ed58a22f15b2f2041835ab71b63c437\node_modules\next\dist\server\next-server.js:272:17)
[2m[WebServer] [22m    at async DevServer.handleRequestImpl (D:\VERSATI GLASS\node_modules\.pnpm\next@14.2.33_@babel+core@7._7ed58a22f15b2f2041835ab71b63c437\node_modules\next\dist\server\base-server.js:818:17)
[2m[WebServer] [22m    at async D:\VERSATI GLASS\node_modules\.pnpm\next@14.2.33_@babel+core@7._7ed58a22f15b2f2041835ab71b63c437\node_modules\next\dist\server\dev\next-dev-server.js:339:20
[2m[WebServer] [22m    at async Span.traceAsyncFn (D:\VERSATI GLASS\node_modules\.pnpm\next@14.2.33_@babel+core@7._7ed58a22f15b2f2041835ab71b63c437\node_modules\next\dist\trace\trace.js:154:20)
[2m[WebServer] [22m    at async DevServer.handleRequest (D:\VERSATI GLASS\node_modules\.pnpm\next@14.2.33_@babel+core@7._7ed58a22f15b2f2041835ab71b63c437\node_modules\next\dist\server\dev\next-dev-server.js:336:24)
[2m[WebServer] [22m    at async invokeRender (D:\VERSATI GLASS\node_modules\.pnpm\next@14.2.33_@babel+core@7._7ed58a22f15b2f2041835ab71b63c437\node_modules\next\dist\server\lib\router-server.js:179:21)
[2m[WebServer] [22m    at async handleRequest (D:\VERSATI GLASS\node_modules\.pnpm\next@14.2.33_@babel+core@7._7ed58a22f15b2f2041835ab71b63c437\node_modules\next\dist\server\lib\router-server.js:359:24)
[2m[WebServer] [22m    at async requestHandlerImpl (D:\VERSATI GLASS\node_modules\.pnpm\next@14.2.33_@babel+core@7._7ed58a22f15b2f2041835ab71b63c437\node_modules\next\dist\server\lib\router-server.js:383:13)
[2m[WebServer] [22m    at async Server.requestListener (D:\VERSATI GLASS\node_modules\.pnpm\next@14.2.33_@babel+core@7._7ed58a22f15b2f2041835ab71b63c437\node_modules\next\dist\server\lib\start-server.js:141:13)

[1A[2K[dotenv@17.2.3] injecting env (0) from .env.test -- tip: ðŸ” prevent committing .env to code: https://dotenvx.com/precommit

[1A[2K[8/64] [chromium-public] â€º e2e\01-homepage.spec.ts:47:7 â€º Homepage â€º should navigate to services page (retry #1)
[1A[2K  1) [setup] â€º e2e\auth.setup.ts:53:6 â€º authenticate as admin â”€â”€â”€â”€â”€â”€â”€â”€â”€â”€â”€â”€â”€â”€â”€â”€â”€â”€â”€â”€â”€â”€â”€â”€â”€â”€â”€â”€â”€â”€â”€â”€â”€â”€â”€â”€â”€â”€

    Error: Admin login failed - redirected to: http://localhost:3100/login?callbackUrl=%2Fadmin

      84 |     await page.context().storageState({ path: adminAuthFile })
      85 |   } else {
    > 86 |     throw new Error('Admin login failed - redirected to: ' + finalUrl)
         |           ^
      87 |   }
      88 | })
      89 |
        at D:\VERSATI GLASS\e2e\auth.setup.ts:86:11

    attachment #1: screenshot (image/png) â”€â”€â”€â”€â”€â”€â”€â”€â”€â”€â”€â”€â”€â”€â”€â”€â”€â”€â”€â”€â”€â”€â”€â”€â”€â”€â”€â”€â”€â”€â”€â”€â”€â”€â”€â”€â”€â”€â”€â”€â”€â”€â”€â”€â”€â”€â”€â”€â”€â”€â”€â”€â”€â”€â”€â”€â”€â”€
    test-results\auth.setup.ts-authenticate-as-admin-setup\test-failed-1.png
    â”€â”€â”€â”€â”€â”€â”€â”€â”€â”€â”€â”€â”€â”€â”€â”€â”€â”€â”€â”€â”€â”€â”€â”€â”€â”€â”€â”€â”€â”€â”€â”€â”€â”€â”€â”€â”€â”€â”€â”€â”€â”€â”€â”€â”€â”€â”€â”€â”€â”€â”€â”€â”€â”€â”€â”€â”€â”€â”€â”€â”€â”€â”€â”€â”€â”€â”€â”€â”€â”€â”€â”€â”€â”€â”€â”€â”€â”€â”€â”€â”€â”€â”€â”€â”€â”€â”€â”€â”€â”€â”€â”€â”€â”€â”€â”€

    Error Context: test-results\auth.setup.ts-authenticate-as-admin-setup\error-context.md

    Retry #1 â”€â”€â”€â”€â”€â”€â”€â”€â”€â”€â”€â”€â”€â”€â”€â”€â”€â”€â”€â”€â”€â”€â”€â”€â”€â”€â”€â”€â”€â”€â”€â”€â”€â”€â”€â”€â”€â”€â”€â”€â”€â”€â”€â”€â”€â”€â”€â”€â”€â”€â”€â”€â”€â”€â”€â”€â”€â”€â”€â”€â”€â”€â”€â”€â”€â”€â”€â”€â”€â”€â”€â”€â”€â”€â”€â”€â”€â”€â”€â”€â”€â”€â”€â”€â”€â”€â”€

    Error: Admin login failed - redirected to: http://localhost:3100/login?callbackUrl=%2Fadmin

      84 |     await page.context().storageState({ path: adminAuthFile })
      85 |   } else {
    > 86 |     throw new Error('Admin login failed - redirected to: ' + finalUrl)
         |           ^
      87 |   }
      88 | })
      89 |
        at D:\VERSATI GLASS\e2e\auth.setup.ts:86:11

    attachment #1: screenshot (image/png) â”€â”€â”€â”€â”€â”€â”€â”€â”€â”€â”€â”€â”€â”€â”€â”€â”€â”€â”€â”€â”€â”€â”€â”€â”€â”€â”€â”€â”€â”€â”€â”€â”€â”€â”€â”€â”€â”€â”€â”€â”€â”€â”€â”€â”€â”€â”€â”€â”€â”€â”€â”€â”€â”€â”€â”€â”€â”€
    test-results\auth.setup.ts-authenticate-as-admin-setup-retry1\test-failed-1.png
    â”€â”€â”€â”€â”€â”€â”€â”€â”€â”€â”€â”€â”€â”€â”€â”€â”€â”€â”€â”€â”€â”€â”€â”€â”€â”€â”€â”€â”€â”€â”€â”€â”€â”€â”€â”€â”€â”€â”€â”€â”€â”€â”€â”€â”€â”€â”€â”€â”€â”€â”€â”€â”€â”€â”€â”€â”€â”€â”€â”€â”€â”€â”€â”€â”€â”€â”€â”€â”€â”€â”€â”€â”€â”€â”€â”€â”€â”€â”€â”€â”€â”€â”€â”€â”€â”€â”€â”€â”€â”€â”€â”€â”€â”€â”€â”€

    Error Context: test-results\auth.setup.ts-authenticate-as-admin-setup-retry1\error-context.md

    attachment #3: trace (application/zip) â”€â”€â”€â”€â”€â”€â”€â”€â”€â”€â”€â”€â”€â”€â”€â”€â”€â”€â”€â”€â”€â”€â”€â”€â”€â”€â”€â”€â”€â”€â”€â”€â”€â”€â”€â”€â”€â”€â”€â”€â”€â”€â”€â”€â”€â”€â”€â”€â”€â”€â”€â”€â”€â”€â”€â”€â”€
    test-results\auth.setup.ts-authenticate-as-admin-setup-retry1\trace.zip
    Usage:

        npx playwright show-trace test-results\auth.setup.ts-authenticate-as-admin-setup-retry1\trace.zip

    â”€â”€â”€â”€â”€â”€â”€â”€â”€â”€â”€â”€â”€â”€â”€â”€â”€â”€â”€â”€â”€â”€â”€â”€â”€â”€â”€â”€â”€â”€â”€â”€â”€â”€â”€â”€â”€â”€â”€â”€â”€â”€â”€â”€â”€â”€â”€â”€â”€â”€â”€â”€â”€â”€â”€â”€â”€â”€â”€â”€â”€â”€â”€â”€â”€â”€â”€â”€â”€â”€â”€â”€â”€â”€â”€â”€â”€â”€â”€â”€â”€â”€â”€â”€â”€â”€â”€â”€â”€â”€â”€â”€â”€â”€â”€â”€


[1A[2K[dotenv@17.2.3] injecting env (0) from .env.test -- tip: ðŸ”„ add secrets lifecycle management: https://dotenvx.com/ops

[1A[2K[9/64] [chromium-public] â€º e2e\01-homepage.spec.ts:70:7 â€º Homepage â€º should display contact information
[1A[2K[dotenv@17.2.3] injecting env (0) from .env.test -- tip: ðŸ—‚ï¸ backup and recover secrets: https://dotenvx.com/ops

[1A[2K[10/64] [setup] â€º e2e\auth.setup.ts:16:6 â€º authenticate as customer (retry #1)
[1A[2K  2) [chromium-public] â€º e2e\01-homepage.spec.ts:47:7 â€º Homepage â€º should navigate to services page 

    TimeoutError: page.waitForURL: Timeout 60000ms exceeded.
    =========================== logs ===========================
    waiting for navigation until "load"
    ============================================================

      60 |
      61 |     // Wait for navigation
    > 62 |     await page.waitForURL(/\/servicos/, { timeout: 60000 })
         |                ^
      63 |     await page.waitForLoadState('domcontentloaded')
      64 |
      65 |     // Check services page loaded - heading is "Nossos ServiÃ§os"
        at D:\VERSATI GLASS\e2e\01-homepage.spec.ts:62:16

    attachment #1: screenshot (image/png) â”€â”€â”€â”€â”€â”€â”€â”€â”€â”€â”€â”€â”€â”€â”€â”€â”€â”€â”€â”€â”€â”€â”€â”€â”€â”€â”€â”€â”€â”€â”€â”€â”€â”€â”€â”€â”€â”€â”€â”€â”€â”€â”€â”€â”€â”€â”€â”€â”€â”€â”€â”€â”€â”€â”€â”€â”€â”€
    test-results\01-homepage-Homepage-should-navigate-to-services-page-chromium-public\test-failed-1.png
    â”€â”€â”€â”€â”€â”€â”€â”€â”€â”€â”€â”€â”€â”€â”€â”€â”€â”€â”€â”€â”€â”€â”€â”€â”€â”€â”€â”€â”€â”€â”€â”€â”€â”€â”€â”€â”€â”€â”€â”€â”€â”€â”€â”€â”€â”€â”€â”€â”€â”€â”€â”€â”€â”€â”€â”€â”€â”€â”€â”€â”€â”€â”€â”€â”€â”€â”€â”€â”€â”€â”€â”€â”€â”€â”€â”€â”€â”€â”€â”€â”€â”€â”€â”€â”€â”€â”€â”€â”€â”€â”€â”€â”€â”€â”€â”€

    Error Context: test-results\01-homepage-Homepage-should-navigate-to-services-page-chromium-public\error-context.md


[1A[2K[11/64] [chromium-public] â€º e2e\01-homepage.spec.ts:86:7 â€º Homepage â€º should be responsive on mobile
[1A[2K[dotenv@17.2.3] injecting env (0) from .env.test -- tip: âš™ï¸  override existing env vars with { override: true }

[1A[2K[12/64] [chromium-public] â€º e2e\01-homepage.spec.ts:24:7 â€º Homepage â€º should navigate to products page (retry #1)
[1A[2K[13/64] [chromium-public] â€º e2e\02-quote-flow.spec.ts:4:7 â€º Quote Flow - End to End â€º should complete full quote request flow
[1A[2K[2m[WebServer] [22m[33m[auth][warn][debug-enabled][0m Read more: https://warnings.authjs.dev

[1A[2K[dotenv@17.2.3] injecting env (0) from .env.test -- tip: ðŸ” prevent committing .env to code: https://dotenvx.com/precommit

[1A[2K[14/64] [chromium-public] â€º e2e\01-homepage.spec.ts:86:7 â€º Homepage â€º should be responsive on mobile (retry #1)
[1A[2K  3) [chromium-public] â€º e2e\01-homepage.spec.ts:24:7 â€º Homepage â€º should navigate to products page 

    TimeoutError: page.waitForURL: Timeout 60000ms exceeded.
    =========================== logs ===========================
    waiting for navigation until "load"
    ============================================================

      37 |
      38 |     // Wait for navigation
    > 39 |     await page.waitForURL(/\/produtos/, { timeout: 60000 })
         |                ^
      40 |     await page.waitForLoadState('domcontentloaded')
      41 |
      42 |     // Check products page loaded - use .first() to avoid strict mode violation
        at D:\VERSATI GLASS\e2e\01-homepage.spec.ts:39:16

    attachment #1: screenshot (image/png) â”€â”€â”€â”€â”€â”€â”€â”€â”€â”€â”€â”€â”€â”€â”€â”€â”€â”€â”€â”€â”€â”€â”€â”€â”€â”€â”€â”€â”€â”€â”€â”€â”€â”€â”€â”€â”€â”€â”€â”€â”€â”€â”€â”€â”€â”€â”€â”€â”€â”€â”€â”€â”€â”€â”€â”€â”€â”€
    test-results\01-homepage-Homepage-should-navigate-to-products-page-chromium-public\test-failed-1.png
    â”€â”€â”€â”€â”€â”€â”€â”€â”€â”€â”€â”€â”€â”€â”€â”€â”€â”€â”€â”€â”€â”€â”€â”€â”€â”€â”€â”€â”€â”€â”€â”€â”€â”€â”€â”€â”€â”€â”€â”€â”€â”€â”€â”€â”€â”€â”€â”€â”€â”€â”€â”€â”€â”€â”€â”€â”€â”€â”€â”€â”€â”€â”€â”€â”€â”€â”€â”€â”€â”€â”€â”€â”€â”€â”€â”€â”€â”€â”€â”€â”€â”€â”€â”€â”€â”€â”€â”€â”€â”€â”€â”€â”€â”€â”€â”€

    Error Context: test-results\01-homepage-Homepage-should-navigate-to-products-page-chromium-public\error-context.md


[1A[2K[15/64] [chromium-public] â€º e2e\02-quote-flow.spec.ts:82:7 â€º Quote Flow - End to End â€º should validate category selection
[1A[2K[dotenv@17.2.3] injecting env (0) from .env.test -- tip: âš™ï¸  write to custom object with { processEnv: myObject }

[1A[2K[16/64] [chromium-public] â€º e2e\02-quote-flow.spec.ts:4:7 â€º Quote Flow - End to End â€º should complete full quote request flow (retry #1)
[1A[2K  4) [setup] â€º e2e\auth.setup.ts:16:6 â€º authenticate as customer â”€â”€â”€â”€â”€â”€â”€â”€â”€â”€â”€â”€â”€â”€â”€â”€â”€â”€â”€â”€â”€â”€â”€â”€â”€â”€â”€â”€â”€â”€â”€â”€â”€â”€â”€

    [31mTest timeout of 120000ms exceeded.[39m

    Error: page.goto: Test timeout of 120000ms exceeded.
    Call log:
    [2m  - navigating to "http://localhost:3100/portal", waiting until "networkidle"[22m


      38 |
      39 |   // Try to navigate to portal directly if login succeeded
    > 40 |   await page.goto('/portal', { waitUntil: 'networkidle' })
         |              ^
      41 |   await page.waitForLoadState('domcontentloaded')
      42 |
      43 |   // Check if we're logged in (not redirected back to login)
        at D:\VERSATI GLASS\e2e\auth.setup.ts:40:14

    attachment #1: screenshot (image/png) â”€â”€â”€â”€â”€â”€â”€â”€â”€â”€â”€â”€â”€â”€â”€â”€â”€â”€â”€â”€â”€â”€â”€â”€â”€â”€â”€â”€â”€â”€â”€â”€â”€â”€â”€â”€â”€â”€â”€â”€â”€â”€â”€â”€â”€â”€â”€â”€â”€â”€â”€â”€â”€â”€â”€â”€â”€â”€
    test-results\auth.setup.ts-authenticate-as-customer-setup\test-failed-1.png
    â”€â”€â”€â”€â”€â”€â”€â”€â”€â”€â”€â”€â”€â”€â”€â”€â”€â”€â”€â”€â”€â”€â”€â”€â”€â”€â”€â”€â”€â”€â”€â”€â”€â”€â”€â”€â”€â”€â”€â”€â”€â”€â”€â”€â”€â”€â”€â”€â”€â”€â”€â”€â”€â”€â”€â”€â”€â”€â”€â”€â”€â”€â”€â”€â”€â”€â”€â”€â”€â”€â”€â”€â”€â”€â”€â”€â”€â”€â”€â”€â”€â”€â”€â”€â”€â”€â”€â”€â”€â”€â”€â”€â”€â”€â”€â”€

    Error Context: test-results\auth.setup.ts-authenticate-as-customer-setup\error-context.md

    Retry #1 â”€â”€â”€â”€â”€â”€â”€â”€â”€â”€â”€â”€â”€â”€â”€â”€â”€â”€â”€â”€â”€â”€â”€â”€â”€â”€â”€â”€â”€â”€â”€â”€â”€â”€â”€â”€â”€â”€â”€â”€â”€â”€â”€â”€â”€â”€â”€â”€â”€â”€â”€â”€â”€â”€â”€â”€â”€â”€â”€â”€â”€â”€â”€â”€â”€â”€â”€â”€â”€â”€â”€â”€â”€â”€â”€â”€â”€â”€â”€â”€â”€â”€â”€â”€â”€â”€â”€

    Error: Login failed - redirected to: http://localhost:3100/login?callbackUrl=%2Fportal

      47 |     await page.context().storageState({ path: customerAuthFile })
      48 |   } else {
    > 49 |     throw new Error('Login failed - redirected to: ' + finalUrl)
         |           ^
      50 |   }
      51 | })
      52 |
        at D:\VERSATI GLASS\e2e\auth.setup.ts:49:11

    attachment #1: screenshot (image/png) â”€â”€â”€â”€â”€â”€â”€â”€â”€â”€â”€â”€â”€â”€â”€â”€â”€â”€â”€â”€â”€â”€â”€â”€â”€â”€â”€â”€â”€â”€â”€â”€â”€â”€â”€â”€â”€â”€â”€â”€â”€â”€â”€â”€â”€â”€â”€â”€â”€â”€â”€â”€â”€â”€â”€â”€â”€â”€
    test-results\auth.setup.ts-authenticate-as-customer-setup-retry1\test-failed-1.png
    â”€â”€â”€â”€â”€â”€â”€â”€â”€â”€â”€â”€â”€â”€â”€â”€â”€â”€â”€â”€â”€â”€â”€â”€â”€â”€â”€â”€â”€â”€â”€â”€â”€â”€â”€â”€â”€â”€â”€â”€â”€â”€â”€â”€â”€â”€â”€â”€â”€â”€â”€â”€â”€â”€â”€â”€â”€â”€â”€â”€â”€â”€â”€â”€â”€â”€â”€â”€â”€â”€â”€â”€â”€â”€â”€â”€â”€â”€â”€â”€â”€â”€â”€â”€â”€â”€â”€â”€â”€â”€â”€â”€â”€â”€â”€â”€

    Error Context: test-results\auth.setup.ts-authenticate-as-customer-setup-retry1\error-context.md

    attachment #3: trace (application/zip) â”€â”€â”€â”€â”€â”€â”€â”€â”€â”€â”€â”€â”€â”€â”€â”€â”€â”€â”€â”€â”€â”€â”€â”€â”€â”€â”€â”€â”€â”€â”€â”€â”€â”€â”€â”€â”€â”€â”€â”€â”€â”€â”€â”€â”€â”€â”€â”€â”€â”€â”€â”€â”€â”€â”€â”€â”€
    test-results\auth.setup.ts-authenticate-as-customer-setup-retry1\trace.zip
    Usage:

        npx playwright show-trace test-results\auth.setup.ts-authenticate-as-customer-setup-retry1\trace.zip

    â”€â”€â”€â”€â”€â”€â”€â”€â”€â”€â”€â”€â”€â”€â”€â”€â”€â”€â”€â”€â”€â”€â”€â”€â”€â”€â”€â”€â”€â”€â”€â”€â”€â”€â”€â”€â”€â”€â”€â”€â”€â”€â”€â”€â”€â”€â”€â”€â”€â”€â”€â”€â”€â”€â”€â”€â”€â”€â”€â”€â”€â”€â”€â”€â”€â”€â”€â”€â”€â”€â”€â”€â”€â”€â”€â”€â”€â”€â”€â”€â”€â”€â”€â”€â”€â”€â”€â”€â”€â”€â”€â”€â”€â”€â”€â”€


[1A[2K[2m[WebServer] [22m [31m[1mâ¨¯[22m[39m Failed to generate static paths for /api/auth/[...nextauth]:

[1A[2K[2m[WebServer] [22mError [PageNotFoundError]: Cannot find module for page: /api/auth/[...nextauth]/route
[2m[WebServer] [22m    at getPagePath [90m(D:\VERSATI GLASS\[39mnode_modules\[4m.pnpm[24m\next@14.2.33_@babel+core@7._7ed58a22f15b2f2041835ab71b63c437\node_modules\[4mnext[24m\dist\server\require.js:94:15[90m)[39m
[2m[WebServer] [22m    at requirePage [90m(D:\VERSATI GLASS\[39mnode_modules\[4m.pnpm[24m\next@14.2.33_@babel+core@7._7ed58a22f15b2f2041835ab71b63c437\node_modules\[4mnext[24m\dist\server\require.js:99:22[90m)[39m
[2m[WebServer] [22m    at [90mD:\VERSATI GLASS\[39mnode_modules\[4m.pnpm[24m\next@14.2.33_@babel+core@7._7ed58a22f15b2f2041835ab71b63c437\node_modules\[4mnext[24m\dist\server\load-components.js:103:84
[2m[WebServer] [22m[90m    at process.processTicksAndRejections (node:internal/process/task_queues:105:5)[39m
[2m[WebServer] [22m    at async loadComponentsImpl [90m(D:\VERSATI GLASS\[39mnode_modules\[4m.pnpm[24m\next@14.2.33_@babel+core@7._7ed58a22f15b2f2041835ab71b63c437\node_modules\[4mnext[24m\dist\server\load-components.js:103:26[90m)[39m
[2m[WebServer] [22m    at async Object.loadStaticPaths [90m(D:\VERSATI GLASS\[39mnode_modules\[4m.pnpm[24m\next@14.2.33_@babel+core@7._7ed58a22f15b2f2041835ab71b63c437\node_modules\[4mnext[24m\dist\server\dev\static-paths-worker.js:23:24[90m)[39m {
[2m[WebServer] [22m  type: [32m'PageNotFoundError'[39m,
[2m[WebServer] [22m  code: [32m'ENOENT'[39m
[2m[WebServer] [22m}

[1A[2K[2m[WebServer] [22m [31m[1mâ¨¯[22m[39m Failed to generate static paths for /api/auth/[...nextauth]:

[1A[2K[2m[WebServer] [22mError [PageNotFoundError]: Cannot find module for page: /api/auth/[...nextauth]/route
[2m[WebServer] [22m    at getPagePath [90m(D:\VERSATI GLASS\[39mnode_modules\[4m.pnpm[24m\next@14.2.33_@babel+core@7._7ed58a22f15b2f2041835ab71b63c437\node_modules\[4mnext[24m\dist\server\require.js:94:15[90m)[39m
[2m[WebServer] [22m    at requirePage [90m(D:\VERSATI GLASS\[39mnode_modules\[4m.pnpm[24m\next@14.2.33_@babel+core@7._7ed58a22f15b2f2041835ab71b63c437\node_modules\[4mnext[24m\dist\server\require.js:99:22[90m)[39m
[2m[WebServer] [22m    at [90mD:\VERSATI GLASS\[39mnode_modules\[4m.pnpm[24m\next@14.2.33_@babel+core@7._7ed58a22f15b2f2041835ab71b63c437\node_modules\[4mnext[24m\dist\server\load-components.js:103:84
[2m[WebServer] [22m[90m    at process.processTicksAndRejections (node:internal/process/task_queues:105:5)[39m
[2m[WebServer] [22m    at async loadComponentsImpl [90m(D:\VERSATI GLASS\[39mnode_modules\[4m.pnpm[24m\next@14.2.33_@babel+core@7._7ed58a22f15b2f2041835ab71b63c437\node_modules\[4mnext[24m\dist\server\load-components.js:103:26[90m)[39m
[2m[WebServer] [22m    at async Object.loadStaticPaths [90m(D:\VERSATI GLASS\[39mnode_modules\[4m.pnpm[24m\next@14.2.33_@babel+core@7._7ed58a22f15b2f2041835ab71b63c437\node_modules\[4mnext[24m\dist\server\dev\static-paths-worker.js:23:24[90m)[39m {
[2m[WebServer] [22m  type: [32m'PageNotFoundError'[39m,
[2m[WebServer] [22m  code: [32m'ENOENT'[39m
[2m[WebServer] [22m}

[1A[2K[dotenv@17.2.3] injecting env (0) from .env.test -- tip: âš™ï¸  specify custom .env file path with { path: '/custom/path/.env' }

[1A[2K[17/64] [chromium-public] â€º e2e\02-quote-flow.spec.ts:103:7 â€º Quote Flow - End to End â€º should allow navigation back and forth
[1A[2K[2m[WebServer] [22m [31m[1mâ¨¯[22m[39m Error [PageNotFoundError]: Cannot find module for page: /api/auth/[...nextauth]/route
[2m[WebServer] [22m    at getPagePath [90m(D:\VERSATI GLASS\[39mnode_modules\[4m.pnpm[24m\next@14.2.33_@babel+core@7._7ed58a22f15b2f2041835ab71b63c437\node_modules\[4mnext[24m\dist\server\require.js:94:15[90m)[39m
[2m[WebServer] [22m    at requirePage [90m(D:\VERSATI GLASS\[39mnode_modules\[4m.pnpm[24m\next@14.2.33_@babel+core@7._7ed58a22f15b2f2041835ab71b63c437\node_modules\[4mnext[24m\dist\server\require.js:99:22[90m)[39m
[2m[WebServer] [22m    at [90mD:\VERSATI GLASS\[39mnode_modules\[4m.pnpm[24m\next@14.2.33_@babel+core@7._7ed58a22f15b2f2041835ab71b63c437\node_modules\[4mnext[24m\dist\server\load-components.js:103:84
[2m[WebServer] [22m[90m    at process.processTicksAndRejections (node:internal/process/task_queues:105:5)[39m
[2m[WebServer] [22m    at async loadComponentsImpl [90m(D:\VERSATI GLASS\[39mnode_modules\[4m.pnpm[24m\next@14.2.33_@babel+core@7._7ed58a22f15b2f2041835ab71b63c437\node_modules\[4mnext[24m\dist\server\load-components.js:103:26[90m)[39m
[2m[WebServer] [22m    at async Object.loadStaticPaths [90m(D:\VERSATI GLASS\[39mnode_modules\[4m.pnpm[24m\next@14.2.33_@babel+core@7._7ed58a22f15b2f2041835ab71b63c437\node_modules\[4mnext[24m\dist\server\dev\static-paths-worker.js:23:24[90m)[39m {
[2m[WebServer] [22m  type: [32m'PageNotFoundError'[39m,
[2m[WebServer] [22m  code: [32m'ENOENT'[39m,
[2m[WebServer] [22m  page: [32m'/api/auth/session'[39m
[2m[WebServer] [22m}

[1A[2K[2m[WebServer] [22m[33m[auth][warn][debug-enabled][0m Read more: https://warnings.authjs.dev

[1A[2K[dotenv@17.2.3] injecting env (0) from .env.test -- tip: ðŸ” encrypt with Dotenvx: https://dotenvx.com

[1A[2K[18/64] [chromium-public] â€º e2e\02-quote-flow.spec.ts:82:7 â€º Quote Flow - End to End â€º should validate category selection (retry #1)
[1A[2K[2m[WebServer] [22m [31m[1mâ¨¯[22m[39m Failed to generate static paths for /api/auth/[...nextauth]:

[1A[2K[2m[WebServer] [22mError [PageNotFoundError]: Cannot find module for page: /api/auth/[...nextauth]/route
[2m[WebServer] [22m    at getPagePath [90m(D:\VERSATI GLASS\[39mnode_modules\[4m.pnpm[24m\next@14.2.33_@babel+core@7._7ed58a22f15b2f2041835ab71b63c437\node_modules\[4mnext[24m\dist\server\require.js:94:15[90m)[39m
[2m[WebServer] [22m    at requirePage [90m(D:\VERSATI GLASS\[39mnode_modules\[4m.pnpm[24m\next@14.2.33_@babel+core@7._7ed58a22f15b2f2041835ab71b63c437\node_modules\[4mnext[24m\dist\server\require.js:99:22[90m)[39m
[2m[WebServer] [22m    at [90mD:\VERSATI GLASS\[39mnode_modules\[4m.pnpm[24m\next@14.2.33_@babel+core@7._7ed58a22f15b2f2041835ab71b63c437\node_modules\[4mnext[24m\dist\server\load-components.js:103:84
[2m[WebServer] [22m[90m    at process.processTicksAndRejections (node:internal/process/task_queues:105:5)[39m
[2m[WebServer] [22m    at async loadComponentsImpl [90m(D:\VERSATI GLASS\[39mnode_modules\[4m.pnpm[24m\next@14.2.33_@babel+core@7._7ed58a22f15b2f2041835ab71b63c437\node_modules\[4mnext[24m\dist\server\load-components.js:103:26[90m)[39m
[2m[WebServer] [22m    at async Object.loadStaticPaths [90m(D:\VERSATI GLASS\[39mnode_modules\[4m.pnpm[24m\next@14.2.33_@babel+core@7._7ed58a22f15b2f2041835ab71b63c437\node_modules\[4mnext[24m\dist\server\dev\static-paths-worker.js:23:24[90m)[39m {
[2m[WebServer] [22m  type: [32m'PageNotFoundError'[39m,
[2m[WebServer] [22m  code: [32m'ENOENT'[39m
[2m[WebServer] [22m}

[1A[2K[dotenv@17.2.3] injecting env (0) from .env.test -- tip: ðŸ” prevent building .env in docker: https://dotenvx.com/prebuild

[1A[2K[19/64] [chromium-public] â€º e2e\02-quote-flow.spec.ts:103:7 â€º Quote Flow - End to End â€º should allow navigation back and forth (retry #1)
[1A[2K[2m[WebServer] [22m [31m[1mâ¨¯[22m[39m Error [PageNotFoundError]: Cannot find module for page: /api/auth/[...nextauth]/route
[2m[WebServer] [22m    at getPagePath [90m(D:\VERSATI GLASS\[39mnode_modules\[4m.pnpm[24m\next@14.2.33_@babel+core@7._7ed58a22f15b2f2041835ab71b63c437\node_modules\[4mnext[24m\dist\server\require.js:94:15[90m)[39m
[2m[WebServer] [22m    at requirePage [90m(D:\VERSATI GLASS\[39mnode_modules\[4m.pnpm[24m\next@14.2.33_@babel+core@7._7ed58a22f15b2f2041835ab71b63c437\node_modules\[4mnext[24m\dist\server\require.js:99:22[90m)[39m
[2m[WebServer] [22m    at [90mD:\VERSATI GLASS\[39mnode_modules\[4m.pnpm[24m\next@14.2.33_@babel+core@7._7ed58a22f15b2f2041835ab71b63c437\node_modules\[4mnext[24m\dist\server\load-components.js:103:84
[2m[WebServer] [22m[90m    at process.processTicksAndRejections (node:internal/process/task_queues:105:5)[39m
[2m[WebServer] [22m    at async loadComponentsImpl [90m(D:\VERSATI GLASS\[39mnode_modules\[4m.pnpm[24m\next@14.2.33_@babel+core@7._7ed58a22f15b2f2041835ab71b63c437\node_modules\[4mnext[24m\dist\server\load-components.js:103:26[90m)[39m
[2m[WebServer] [22m    at async Object.loadStaticPaths [90m(D:\VERSATI GLASS\[39mnode_modules\[4m.pnpm[24m\next@14.2.33_@babel+core@7._7ed58a22f15b2f2041835ab71b63c437\node_modules\[4mnext[24m\dist\server\dev\static-paths-worker.js:23:24[90m)[39m {
[2m[WebServer] [22m  type: [32m'PageNotFoundError'[39m,
[2m[WebServer] [22m  code: [32m'ENOENT'[39m,
[2m[WebServer] [22m  page: [32m'/api/auth/session'[39m
[2m[WebServer] [22m}

[1A[2K[2m[WebServer] [22m [31m[1mâ¨¯[22m[39m Error [PageNotFoundError]: Cannot find module for page: /api/auth/[...nextauth]/route
[2m[WebServer] [22m    at getPagePath [90m(D:\VERSATI GLASS\[39mnode_modules\[4m.pnpm[24m\next@14.2.33_@babel+core@7._7ed58a22f15b2f2041835ab71b63c437\node_modules\[4mnext[24m\dist\server\require.js:94:15[90m)[39m
[2m[WebServer] [22m    at requirePage [90m(D:\VERSATI GLASS\[39mnode_modules\[4m.pnpm[24m\next@14.2.33_@babel+core@7._7ed58a22f15b2f2041835ab71b63c437\node_modules\[4mnext[24m\dist\server\require.js:99:22[90m)[39m
[2m[WebServer] [22m    at [90mD:\VERSATI GLASS\[39mnode_modules\[4m.pnpm[24m\next@14.2.33_@babel+core@7._7ed58a22f15b2f2041835ab71b63c437\node_modules\[4mnext[24m\dist\server\load-components.js:103:84
[2m[WebServer] [22m[90m    at process.processTicksAndRejections (node:internal/process/task_queues:105:5)[39m
[2m[WebServer] [22m    at async loadComponentsImpl [90m(D:\VERSATI GLASS\[39mnode_modules\[4m.pnpm[24m\next@14.2.33_@babel+core@7._7ed58a22f15b2f2041835ab71b63c437\node_modules\[4mnext[24m\dist\server\load-components.js:103:26[90m)[39m
[2m[WebServer] [22m    at async Object.loadStaticPaths [90m(D:\VERSATI GLASS\[39mnode_modules\[4m.pnpm[24m\next@14.2.33_@babel+core@7._7ed58a22f15b2f2041835ab71b63c437\node_modules\[4mnext[24m\dist\server\dev\static-paths-worker.js:23:24[90m)[39m {
[2m[WebServer] [22m  type: [32m'PageNotFoundError'[39m,
[2m[WebServer] [22m  code: [32m'ENOENT'[39m,
[2m[WebServer] [22m  page: [32m'/api/auth/session'[39m
[2m[WebServer] [22m}

[1A[2K[2m[WebServer] [22m [31m[1mâ¨¯[22m[39m Error [PageNotFoundError]: Cannot find module for page: /api/auth/[...nextauth]/route
[2m[WebServer] [22m    at getPagePath [90m(D:\VERSATI GLASS\[39mnode_modules\[4m.pnpm[24m\next@14.2.33_@babel+core@7._7ed58a22f15b2f2041835ab71b63c437\node_modules\[4mnext[24m\dist\server\require.js:94:15[90m)[39m
[2m[WebServer] [22m    at requirePage [90m(D:\VERSATI GLASS\[39mnode_modules\[4m.pnpm[24m\next@14.2.33_@babel+core@7._7ed58a22f15b2f2041835ab71b63c437\node_modules\[4mnext[24m\dist\server\require.js:99:22[90m)[39m
[2m[WebServer] [22m    at [90mD:\VERSATI GLASS\[39mnode_modules\[4m.pnpm[24m\next@14.2.33_@babel+core@7._7ed58a22f15b2f2041835ab71b63c437\node_modules\[4mnext[24m\dist\server\load-components.js:103:84
[2m[WebServer] [22m[90m    at process.processTicksAndRejections (node:internal/process/task_queues:105:5)[39m
[2m[WebServer] [22m    at async loadComponentsImpl [90m(D:\VERSATI GLASS\[39mnode_modules\[4m.pnpm[24m\next@14.2.33_@babel+core@7._7ed58a22f15b2f2041835ab71b63c437\node_modules\[4mnext[24m\dist\server\load-components.js:103:26[90m)[39m
[2m[WebServer] [22m    at async Object.loadStaticPaths [90m(D:\VERSATI GLASS\[39mnode_modules\[4m.pnpm[24m\next@14.2.33_@babel+core@7._7ed58a22f15b2f2041835ab71b63c437\node_modules\[4mnext[24m\dist\server\dev\static-paths-worker.js:23:24[90m)[39m {
[2m[WebServer] [22m  type: [32m'PageNotFoundError'[39m,
[2m[WebServer] [22m  code: [32m'ENOENT'[39m,
[2m[WebServer] [22m  page: [32m'/api/auth/session'[39m
[2m[WebServer] [22m}

[1A[2K[2m[WebServer] [22m [31m[1mâ¨¯[22m[39m Error [PageNotFoundError]: Cannot find module for page: /api/auth/[...nextauth]/route
[2m[WebServer] [22m    at getPagePath [90m(D:\VERSATI GLASS\[39mnode_modules\[4m.pnpm[24m\next@14.2.33_@babel+core@7._7ed58a22f15b2f2041835ab71b63c437\node_modules\[4mnext[24m\dist\server\require.js:94:15[90m)[39m
[2m[WebServer] [22m    at requirePage [90m(D:\VERSATI GLASS\[39mnode_modules\[4m.pnpm[24m\next@14.2.33_@babel+core@7._7ed58a22f15b2f2041835ab71b63c437\node_modules\[4mnext[24m\dist\server\require.js:99:22[90m)[39m
[2m[WebServer] [22m    at [90mD:\VERSATI GLASS\[39mnode_modules\[4m.pnpm[24m\next@14.2.33_@babel+core@7._7ed58a22f15b2f2041835ab71b63c437\node_modules\[4mnext[24m\dist\server\load-components.js:103:84
[2m[WebServer] [22m[90m    at process.processTicksAndRejections (node:internal/process/task_queues:105:5)[39m
[2m[WebServer] [22m    at async loadComponentsImpl [90m(D:\VERSATI GLASS\[39mnode_modules\[4m.pnpm[24m\next@14.2.33_@babel+core@7._7ed58a22f15b2f2041835ab71b63c437\node_modules\[4mnext[24m\dist\server\load-components.js:103:26[90m)[39m
[2m[WebServer] [22m    at async Object.loadStaticPaths [90m(D:\VERSATI GLASS\[39mnode_modules\[4m.pnpm[24m\next@14.2.33_@babel+core@7._7ed58a22f15b2f2041835ab71b63c437\node_modules\[4mnext[24m\dist\server\dev\static-paths-worker.js:23:24[90m)[39m {
[2m[WebServer] [22m  type: [32m'PageNotFoundError'[39m,
[2m[WebServer] [22m  code: [32m'ENOENT'[39m,
[2m[WebServer] [22m  page: [32m'/api/auth/session'[39m
[2m[WebServer] [22m}

[1A[2K[2m[WebServer] [22m [31m[1mâ¨¯[22m[39m Error [PageNotFoundError]: Cannot find module for page: /api/auth/[...nextauth]/route
[2m[WebServer] [22m    at getPagePath [90m(D:\VERSATI GLASS\[39mnode_modules\[4m.pnpm[24m\next@14.2.33_@babel+core@7._7ed58a22f15b2f2041835ab71b63c437\node_modules\[4mnext[24m\dist\server\require.js:94:15[90m)[39m
[2m[WebServer] [22m    at requirePage [90m(D:\VERSATI GLASS\[39mnode_modules\[4m.pnpm[24m\next@14.2.33_@babel+core@7._7ed58a22f15b2f2041835ab71b63c437\node_modules\[4mnext[24m\dist\server\require.js:99:22[90m)[39m
[2m[WebServer] [22m    at [90mD:\VERSATI GLASS\[39mnode_modules\[4m.pnpm[24m\next@14.2.33_@babel+core@7._7ed58a22f15b2f2041835ab71b63c437\node_modules\[4mnext[24m\dist\server\load-components.js:103:84
[2m[WebServer] [22m[90m    at process.processTicksAndRejections (node:internal/process/task_queues:105:5)[39m
[2m[WebServer] [22m    at async loadComponentsImpl [90m(D:\VERSATI GLASS\[39mnode_modules\[4m.pnpm[24m\next@14.2.33_@babel+core@7._7ed58a22f15b2f2041835ab71b63c437\node_modules\[4mnext[24m\dist\server\load-components.js:103:26[90m)[39m
[2m[WebServer] [22m    at async Object.loadStaticPaths [90m(D:\VERSATI GLASS\[39mnode_modules\[4m.pnpm[24m\next@14.2.33_@babel+core@7._7ed58a22f15b2f2041835ab71b63c437\node_modules\[4mnext[24m\dist\server\dev\static-paths-worker.js:23:24[90m)[39m {
[2m[WebServer] [22m  type: [32m'PageNotFoundError'[39m,
[2m[WebServer] [22m  code: [32m'ENOENT'[39m,
[2m[WebServer] [22m  page: [32m'/api/auth/session'[39m
[2m[WebServer] [22m}

[1A[2K[2m[WebServer] [22m [31m[1mâ¨¯[22m[39m Error [PageNotFoundError]: Cannot find module for page: /api/auth/[...nextauth]/route
[2m[WebServer] [22m    at getPagePath [90m(D:\VERSATI GLASS\[39mnode_modules\[4m.pnpm[24m\next@14.2.33_@babel+core@7._7ed58a22f15b2f2041835ab71b63c437\node_modules\[4mnext[24m\dist\server\require.js:94:15[90m)[39m
[2m[WebServer] [22m    at requirePage [90m(D:\VERSATI GLASS\[39mnode_modules\[4m.pnpm[24m\next@14.2.33_@babel+core@7._7ed58a22f15b2f2041835ab71b63c437\node_modules\[4mnext[24m\dist\server\require.js:99:22[90m)[39m
[2m[WebServer] [22m    at [90mD:\VERSATI GLASS\[39mnode_modules\[4m.pnpm[24m\next@14.2.33_@babel+core@7._7ed58a22f15b2f2041835ab71b63c437\node_modules\[4mnext[24m\dist\server\load-components.js:103:84
[2m[WebServer] [22m[90m    at process.processTicksAndRejections (node:internal/process/task_queues:105:5)[39m
[2m[WebServer] [22m    at async loadComponentsImpl [90m(D:\VERSATI GLASS\[39mnode_modules\[4m.pnpm[24m\next@14.2.33_@babel+core@7._7ed58a22f15b2f2041835ab71b63c437\node_modules\[4mnext[24m\dist\server\load-components.js:103:26[90m)[39m
[2m[WebServer] [22m    at async Object.loadStaticPaths [90m(D:\VERSATI GLASS\[39mnode_modules\[4m.pnpm[24m\next@14.2.33_@babel+core@7._7ed58a22f15b2f2041835ab71b63c437\node_modules\[4mnext[24m\dist\server\dev\static-paths-worker.js:23:24[90m)[39m {
[2m[WebServer] [22m  type: [32m'PageNotFoundError'[39m,
[2m[WebServer] [22m  code: [32m'ENOENT'[39m,
[2m[WebServer] [22m  page: [32m'/api/auth/session'[39m
[2m[WebServer] [22m}

[1A[2K[2m[WebServer] [22m [31m[1mâ¨¯[22m[39m Error [PageNotFoundError]: Cannot find module for page: /api/auth/[...nextauth]/route
[2m[WebServer] [22m    at getPagePath [90m(D:\VERSATI GLASS\[39mnode_modules\[4m.pnpm[24m\next@14.2.33_@babel+core@7._7ed58a22f15b2f2041835ab71b63c437\node_modules\[4mnext[24m\dist\server\require.js:94:15[90m)[39m
[2m[WebServer] [22m    at requirePage [90m(D:\VERSATI GLASS\[39mnode_modules\[4m.pnpm[24m\next@14.2.33_@babel+core@7._7ed58a22f15b2f2041835ab71b63c437\node_modules\[4mnext[24m\dist\server\require.js:99:22[90m)[39m
[2m[WebServer] [22m    at [90mD:\VERSATI GLASS\[39mnode_modules\[4m.pnpm[24m\next@14.2.33_@babel+core@7._7ed58a22f15b2f2041835ab71b63c437\node_modules\[4mnext[24m\dist\server\load-components.js:103:84
[2m[WebServer] [22m[90m    at process.processTicksAndRejections (node:internal/process/task_queues:105:5)[39m
[2m[WebServer] [22m    at async loadComponentsImpl [90m(D:\VERSATI GLASS\[39mnode_modules\[4m.pnpm[24m\next@14.2.33_@babel+core@7._7ed58a22f15b2f2041835ab71b63c437\node_modules\[4mnext[24m\dist\server\load-components.js:103:26[90m)[39m
[2m[WebServer] [22m    at async Object.loadStaticPaths [90m(D:\VERSATI GLASS\[39mnode_modules\[4m.pnpm[24m\next@14.2.33_@babel+core@7._7ed58a22f15b2f2041835ab71b63c437\node_modules\[4mnext[24m\dist\server\dev\static-paths-worker.js:23:24[90m)[39m {
[2m[WebServer] [22m  type: [32m'PageNotFoundError'[39m,
[2m[WebServer] [22m  code: [32m'ENOENT'[39m,
[2m[WebServer] [22m  page: [32m'/api/auth/session'[39m
[2m[WebServer] [22m}

[1A[2K[2m[WebServer] [22m [31m[1mâ¨¯[22m[39m Error [PageNotFoundError]: Cannot find module for page: /api/auth/[...nextauth]/route
[2m[WebServer] [22m    at getPagePath [90m(D:\VERSATI GLASS\[39mnode_modules\[4m.pnpm[24m\next@14.2.33_@babel+core@7._7ed58a22f15b2f2041835ab71b63c437\node_modules\[4mnext[24m\dist\server\require.js:94:15[90m)[39m
[2m[WebServer] [22m    at requirePage [90m(D:\VERSATI GLASS\[39mnode_modules\[4m.pnpm[24m\next@14.2.33_@babel+core@7._7ed58a22f15b2f2041835ab71b63c437\node_modules\[4mnext[24m\dist\server\require.js:99:22[90m)[39m
[2m[WebServer] [22m    at [90mD:\VERSATI GLASS\[39mnode_modules\[4m.pnpm[24m\next@14.2.33_@babel+core@7._7ed58a22f15b2f2041835ab71b63c437\node_modules\[4mnext[24m\dist\server\load-components.js:103:84
[2m[WebServer] [22m[90m    at process.processTicksAndRejections (node:internal/process/task_queues:105:5)[39m
[2m[WebServer] [22m    at async loadComponentsImpl [90m(D:\VERSATI GLASS\[39mnode_modules\[4m.pnpm[24m\next@14.2.33_@babel+core@7._7ed58a22f15b2f2041835ab71b63c437\node_modules\[4mnext[24m\dist\server\load-components.js:103:26[90m)[39m
[2m[WebServer] [22m    at async Object.loadStaticPaths [90m(D:\VERSATI GLASS\[39mnode_modules\[4m.pnpm[24m\next@14.2.33_@babel+core@7._7ed58a22f15b2f2041835ab71b63c437\node_modules\[4mnext[24m\dist\server\dev\static-paths-worker.js:23:24[90m)[39m {
[2m[WebServer] [22m  type: [32m'PageNotFoundError'[39m,
[2m[WebServer] [22m  code: [32m'ENOENT'[39m,
[2m[WebServer] [22m  page: [32m'/api/auth/session'[39m
[2m[WebServer] [22m}

[1A[2K  5) [chromium-public] â€º e2e\02-quote-flow.spec.ts:4:7 â€º Quote Flow - End to End â€º should complete full quote request flow 

    Error: [2mexpect([22m[31mlocator[39m[2m).[22mtoBeVisible[2m([22m[2m)[22m failed

    Locator: locator('button[aria-label*="Box para Banheiro"]')
    Expected: visible
    Timeout: 30000ms
    Error: element(s) not found

    Call log:
    [2m  - Expect "toBeVisible" with timeout 30000ms[22m
    [2m  - waiting for locator('button[aria-label*="Box para Banheiro"]')[22m


      21 |     // 2. Step 1: Select Category - "Box para Banheiro"
      22 |     const boxButton = page.locator('button[aria-label*="Box para Banheiro"]')
    > 23 |     await expect(boxButton).toBeVisible({ timeout: 30000 })
         |                             ^
      24 |     await boxButton.click()
      25 |
      26 |     // Wait for state update after category selection
        at D:\VERSATI GLASS\e2e\02-quote-flow.spec.ts:23:29

    attachment #1: screenshot (image/png) â”€â”€â”€â”€â”€â”€â”€â”€â”€â”€â”€â”€â”€â”€â”€â”€â”€â”€â”€â”€â”€â”€â”€â”€â”€â”€â”€â”€â”€â”€â”€â”€â”€â”€â”€â”€â”€â”€â”€â”€â”€â”€â”€â”€â”€â”€â”€â”€â”€â”€â”€â”€â”€â”€â”€â”€â”€â”€
    test-results\02-quote-flow-Quote-Flow---74b0b-ete-full-quote-request-flow-chromium-public\test-failed-1.png
    â”€â”€â”€â”€â”€â”€â”€â”€â”€â”€â”€â”€â”€â”€â”€â”€â”€â”€â”€â”€â”€â”€â”€â”€â”€â”€â”€â”€â”€â”€â”€â”€â”€â”€â”€â”€â”€â”€â”€â”€â”€â”€â”€â”€â”€â”€â”€â”€â”€â”€â”€â”€â”€â”€â”€â”€â”€â”€â”€â”€â”€â”€â”€â”€â”€â”€â”€â”€â”€â”€â”€â”€â”€â”€â”€â”€â”€â”€â”€â”€â”€â”€â”€â”€â”€â”€â”€â”€â”€â”€â”€â”€â”€â”€â”€â”€

    Error Context: test-results\02-quote-flow-Quote-Flow---74b0b-ete-full-quote-request-flow-chromium-public\error-context.md

    Retry #1 â”€â”€â”€â”€â”€â”€â”€â”€â”€â”€â”€â”€â”€â”€â”€â”€â”€â”€â”€â”€â”€â”€â”€â”€â”€â”€â”€â”€â”€â”€â”€â”€â”€â”€â”€â”€â”€â”€â”€â”€â”€â”€â”€â”€â”€â”€â”€â”€â”€â”€â”€â”€â”€â”€â”€â”€â”€â”€â”€â”€â”€â”€â”€â”€â”€â”€â”€â”€â”€â”€â”€â”€â”€â”€â”€â”€â”€â”€â”€â”€â”€â”€â”€â”€â”€â”€â”€

    Error: [2mexpect([22m[31mlocator[39m[2m).[22mtoBeVisible[2m([22m[2m)[22m failed

    Locator: locator('button[aria-label*="Box para Banheiro"]')
    Expected: visible
    Timeout: 30000ms
    Error: element(s) not found

    Call log:
    [2m  - Expect "toBeVisible" with timeout 30000ms[22m
    [2m  - waiting for locator('button[aria-label*="Box para Banheiro"]')[22m


      21 |     // 2. Step 1: Select Category - "Box para Banheiro"
      22 |     const boxButton = page.locator('button[aria-label*="Box para Banheiro"]')
    > 23 |     await expect(boxButton).toBeVisible({ timeout: 30000 })
         |                             ^
      24 |     await boxButton.click()
      25 |
      26 |     // Wait for state update after category selection
        at D:\VERSATI GLASS\e2e\02-quote-flow.spec.ts:23:29

    attachment #1: screenshot (image/png) â”€â”€â”€â”€â”€â”€â”€â”€â”€â”€â”€â”€â”€â”€â”€â”€â”€â”€â”€â”€â”€â”€â”€â”€â”€â”€â”€â”€â”€â”€â”€â”€â”€â”€â”€â”€â”€â”€â”€â”€â”€â”€â”€â”€â”€â”€â”€â”€â”€â”€â”€â”€â”€â”€â”€â”€â”€â”€
    test-results\02-quote-flow-Quote-Flow---74b0b-ete-full-quote-request-flow-chromium-public-retry1\test-failed-1.png
    â”€â”€â”€â”€â”€â”€â”€â”€â”€â”€â”€â”€â”€â”€â”€â”€â”€â”€â”€â”€â”€â”€â”€â”€â”€â”€â”€â”€â”€â”€â”€â”€â”€â”€â”€â”€â”€â”€â”€â”€â”€â”€â”€â”€â”€â”€â”€â”€â”€â”€â”€â”€â”€â”€â”€â”€â”€â”€â”€â”€â”€â”€â”€â”€â”€â”€â”€â”€â”€â”€â”€â”€â”€â”€â”€â”€â”€â”€â”€â”€â”€â”€â”€â”€â”€â”€â”€â”€â”€â”€â”€â”€â”€â”€â”€â”€

    Error Context: test-results\02-quote-flow-Quote-Flow---74b0b-ete-full-quote-request-flow-chromium-public-retry1\error-context.md

    attachment #3: trace (application/zip) â”€â”€â”€â”€â”€â”€â”€â”€â”€â”€â”€â”€â”€â”€â”€â”€â”€â”€â”€â”€â”€â”€â”€â”€â”€â”€â”€â”€â”€â”€â”€â”€â”€â”€â”€â”€â”€â”€â”€â”€â”€â”€â”€â”€â”€â”€â”€â”€â”€â”€â”€â”€â”€â”€â”€â”€â”€
    test-results\02-quote-flow-Quote-Flow---74b0b-ete-full-quote-request-flow-chromium-public-retry1\trace.zip
    Usage:

        npx playwright show-trace test-results\02-quote-flow-Quote-Flow---74b0b-ete-full-quote-request-flow-chromium-public-retry1\trace.zip

    â”€â”€â”€â”€â”€â”€â”€â”€â”€â”€â”€â”€â”€â”€â”€â”€â”€â”€â”€â”€â”€â”€â”€â”€â”€â”€â”€â”€â”€â”€â”€â”€â”€â”€â”€â”€â”€â”€â”€â”€â”€â”€â”€â”€â”€â”€â”€â”€â”€â”€â”€â”€â”€â”€â”€â”€â”€â”€â”€â”€â”€â”€â”€â”€â”€â”€â”€â”€â”€â”€â”€â”€â”€â”€â”€â”€â”€â”€â”€â”€â”€â”€â”€â”€â”€â”€â”€â”€â”€â”€â”€â”€â”€â”€â”€â”€


[1A[2K[dotenv@17.2.3] injecting env (0) from .env.test -- tip: ðŸ” prevent committing .env to code: https://dotenvx.com/precommit

[1A[2K[20/64] [chromium-public] â€º e2e\02-quote-flow.spec.ts:152:7 â€º Quote Flow - End to End â€º should show cart with items
[1A[2K[2m[WebServer] [22m [31m[1mâ¨¯[22m[39m Error [PageNotFoundError]: Cannot find module for page: /api/auth/[...nextauth]/route
[2m[WebServer] [22m    at getPagePath [90m(D:\VERSATI GLASS\[39mnode_modules\[4m.pnpm[24m\next@14.2.33_@babel+core@7._7ed58a22f15b2f2041835ab71b63c437\node_modules\[4mnext[24m\dist\server\require.js:94:15[90m)[39m
[2m[WebServer] [22m    at requirePage [90m(D:\VERSATI GLASS\[39mnode_modules\[4m.pnpm[24m\next@14.2.33_@babel+core@7._7ed58a22f15b2f2041835ab71b63c437\node_modules\[4mnext[24m\dist\server\require.js:99:22[90m)[39m
[2m[WebServer] [22m    at [90mD:\VERSATI GLASS\[39mnode_modules\[4m.pnpm[24m\next@14.2.33_@babel+core@7._7ed58a22f15b2f2041835ab71b63c437\node_modules\[4mnext[24m\dist\server\load-components.js:103:84
[2m[WebServer] [22m[90m    at process.processTicksAndRejections (node:internal/process/task_queues:105:5)[39m
[2m[WebServer] [22m    at async loadComponentsImpl [90m(D:\VERSATI GLASS\[39mnode_modules\[4m.pnpm[24m\next@14.2.33_@babel+core@7._7ed58a22f15b2f2041835ab71b63c437\node_modules\[4mnext[24m\dist\server\load-components.js:103:26[90m)[39m
[2m[WebServer] [22m    at async Object.loadStaticPaths [90m(D:\VERSATI GLASS\[39mnode_modules\[4m.pnpm[24m\next@14.2.33_@babel+core@7._7ed58a22f15b2f2041835ab71b63c437\node_modules\[4mnext[24m\dist\server\dev\static-paths-worker.js:23:24[90m)[39m {
[2m[WebServer] [22m  type: [32m'PageNotFoundError'[39m,
[2m[WebServer] [22m  code: [32m'ENOENT'[39m,
[2m[WebServer] [22m  page: [32m'/api/auth/session'[39m
[2m[WebServer] [22m}

[1A[2K[2m[WebServer] [22m [31m[1mâ¨¯[22m[39m Error [PageNotFoundError]: Cannot find module for page: /api/auth/[...nextauth]/route
[2m[WebServer] [22m    at getPagePath [90m(D:\VERSATI GLASS\[39mnode_modules\[4m.pnpm[24m\next@14.2.33_@babel+core@7._7ed58a22f15b2f2041835ab71b63c437\node_modules\[4mnext[24m\dist\server\require.js:94:15[90m)[39m
[2m[WebServer] [22m    at requirePage [90m(D:\VERSATI GLASS\[39mnode_modules\[4m.pnpm[24m\next@14.2.33_@babel+core@7._7ed58a22f15b2f2041835ab71b63c437\node_modules\[4mnext[24m\dist\server\require.js:99:22[90m)[39m
[2m[WebServer] [22m    at [90mD:\VERSATI GLASS\[39mnode_modules\[4m.pnpm[24m\next@14.2.33_@babel+core@7._7ed58a22f15b2f2041835ab71b63c437\node_modules\[4mnext[24m\dist\server\load-components.js:103:84
[2m[WebServer] [22m[90m    at process.processTicksAndRejections (node:internal/process/task_queues:105:5)[39m
[2m[WebServer] [22m    at async loadComponentsImpl [90m(D:\VERSATI GLASS\[39mnode_modules\[4m.pnpm[24m\next@14.2.33_@babel+core@7._7ed58a22f15b2f2041835ab71b63c437\node_modules\[4mnext[24m\dist\server\load-components.js:103:26[90m)[39m
[2m[WebServer] [22m    at async Object.loadStaticPaths [90m(D:\VERSATI GLASS\[39mnode_modules\[4m.pnpm[24m\next@14.2.33_@babel+core@7._7ed58a22f15b2f2041835ab71b63c437\node_modules\[4mnext[24m\dist\server\dev\static-paths-worker.js:23:24[90m)[39m {
[2m[WebServer] [22m  type: [32m'PageNotFoundError'[39m,
[2m[WebServer] [22m  code: [32m'ENOENT'[39m,
[2m[WebServer] [22m  page: [32m'/api/auth/session'[39m
[2m[WebServer] [22m}

[1A[2K[2m[WebServer] [22m [31m[1mâ¨¯[22m[39m Error [PageNotFoundError]: Cannot find module for page: /api/auth/[...nextauth]/route
[2m[WebServer] [22m    at getPagePath [90m(D:\VERSATI GLASS\[39mnode_modules\[4m.pnpm[24m\next@14.2.33_@babel+core@7._7ed58a22f15b2f2041835ab71b63c437\node_modules\[4mnext[24m\dist\server\require.js:94:15[90m)[39m
[2m[WebServer] [22m    at requirePage [90m(D:\VERSATI GLASS\[39mnode_modules\[4m.pnpm[24m\next@14.2.33_@babel+core@7._7ed58a22f15b2f2041835ab71b63c437\node_modules\[4mnext[24m\dist\server\require.js:99:22[90m)[39m
[2m[WebServer] [22m    at [90mD:\VERSATI GLASS\[39mnode_modules\[4m.pnpm[24m\next@14.2.33_@babel+core@7._7ed58a22f15b2f2041835ab71b63c437\node_modules\[4mnext[24m\dist\server\load-components.js:103:84
[2m[WebServer] [22m[90m    at process.processTicksAndRejections (node:internal/process/task_queues:105:5)[39m
[2m[WebServer] [22m    at async loadComponentsImpl [90m(D:\VERSATI GLASS\[39mnode_modules\[4m.pnpm[24m\next@14.2.33_@babel+core@7._7ed58a22f15b2f2041835ab71b63c437\node_modules\[4mnext[24m\dist\server\load-components.js:103:26[90m)[39m
[2m[WebServer] [22m    at async Object.loadStaticPaths [90m(D:\VERSATI GLASS\[39mnode_modules\[4m.pnpm[24m\next@14.2.33_@babel+core@7._7ed58a22f15b2f2041835ab71b63c437\node_modules\[4mnext[24m\dist\server\dev\static-paths-worker.js:23:24[90m)[39m {
[2m[WebServer] [22m  type: [32m'PageNotFoundError'[39m,
[2m[WebServer] [22m  code: [32m'ENOENT'[39m,
[2m[WebServer] [22m  page: [32m'/api/auth/session'[39m
[2m[WebServer] [22m}

[1A[2K[2m[WebServer] [22m [31m[1mâ¨¯[22m[39m Error [PageNotFoundError]: Cannot find module for page: /api/auth/[...nextauth]/route
[2m[WebServer] [22m    at getPagePath [90m(D:\VERSATI GLASS\[39mnode_modules\[4m.pnpm[24m\next@14.2.33_@babel+core@7._7ed58a22f15b2f2041835ab71b63c437\node_modules\[4mnext[24m\dist\server\require.js:94:15[90m)[39m
[2m[WebServer] [22m    at requirePage [90m(D:\VERSATI GLASS\[39mnode_modules\[4m.pnpm[24m\next@14.2.33_@babel+core@7._7ed58a22f15b2f2041835ab71b63c437\node_modules\[4mnext[24m\dist\server\require.js:99:22[90m)[39m
[2m[WebServer] [22m    at [90mD:\VERSATI GLASS\[39mnode_modules\[4m.pnpm[24m\next@14.2.33_@babel+core@7._7ed58a22f15b2f2041835ab71b63c437\node_modules\[4mnext[24m\dist\server\load-components.js:103:84
[2m[WebServer] [22m[90m    at process.processTicksAndRejections (node:internal/process/task_queues:105:5)[39m
[2m[WebServer] [22m    at async loadComponentsImpl [90m(D:\VERSATI GLASS\[39mnode_modules\[4m.pnpm[24m\next@14.2.33_@babel+core@7._7ed58a22f15b2f2041835ab71b63c437\node_modules\[4mnext[24m\dist\server\load-components.js:103:26[90m)[39m
[2m[WebServer] [22m    at async Object.loadStaticPaths [90m(D:\VERSATI GLASS\[39mnode_modules\[4m.pnpm[24m\next@14.2.33_@babel+core@7._7ed58a22f15b2f2041835ab71b63c437\node_modules\[4mnext[24m\dist\server\dev\static-paths-worker.js:23:24[90m)[39m {
[2m[WebServer] [22m  type: [32m'PageNotFoundError'[39m,
[2m[WebServer] [22m  code: [32m'ENOENT'[39m,
[2m[WebServer] [22m  page: [32m'/api/auth/session'[39m
[2m[WebServer] [22m}

[1A[2K  6) [chromium-public] â€º e2e\01-homepage.spec.ts:86:7 â€º Homepage â€º should be responsive on mobile â”€â”€

    TimeoutError: page.goto: Timeout 90000ms exceeded.
    Call log:
    [2m  - navigating to "http://localhost:3100/", waiting until "networkidle"[22m


      86 |   test('should be responsive on mobile', async ({ page }) => {
      87 |     await page.setViewportSize({ width: 375, height: 667 })
    > 88 |     await page.goto('/', { waitUntil: 'networkidle' })
         |                ^
      89 |     await page.waitForLoadState('domcontentloaded')
      90 |     await page.waitForTimeout(2000)
      91 |
        at D:\VERSATI GLASS\e2e\01-homepage.spec.ts:88:16

    attachment #1: screenshot (image/png) â”€â”€â”€â”€â”€â”€â”€â”€â”€â”€â”€â”€â”€â”€â”€â”€â”€â”€â”€â”€â”€â”€â”€â”€â”€â”€â”€â”€â”€â”€â”€â”€â”€â”€â”€â”€â”€â”€â”€â”€â”€â”€â”€â”€â”€â”€â”€â”€â”€â”€â”€â”€â”€â”€â”€â”€â”€â”€
    test-results\01-homepage-Homepage-should-be-responsive-on-mobile-chromium-public\test-failed-1.png
    â”€â”€â”€â”€â”€â”€â”€â”€â”€â”€â”€â”€â”€â”€â”€â”€â”€â”€â”€â”€â”€â”€â”€â”€â”€â”€â”€â”€â”€â”€â”€â”€â”€â”€â”€â”€â”€â”€â”€â”€â”€â”€â”€â”€â”€â”€â”€â”€â”€â”€â”€â”€â”€â”€â”€â”€â”€â”€â”€â”€â”€â”€â”€â”€â”€â”€â”€â”€â”€â”€â”€â”€â”€â”€â”€â”€â”€â”€â”€â”€â”€â”€â”€â”€â”€â”€â”€â”€â”€â”€â”€â”€â”€â”€â”€â”€

    Error Context: test-results\01-homepage-Homepage-should-be-responsive-on-mobile-chromium-public\error-context.md

    Retry #1 â”€â”€â”€â”€â”€â”€â”€â”€â”€â”€â”€â”€â”€â”€â”€â”€â”€â”€â”€â”€â”€â”€â”€â”€â”€â”€â”€â”€â”€â”€â”€â”€â”€â”€â”€â”€â”€â”€â”€â”€â”€â”€â”€â”€â”€â”€â”€â”€â”€â”€â”€â”€â”€â”€â”€â”€â”€â”€â”€â”€â”€â”€â”€â”€â”€â”€â”€â”€â”€â”€â”€â”€â”€â”€â”€â”€â”€â”€â”€â”€â”€â”€â”€â”€â”€â”€â”€

    TimeoutError: page.goto: Timeout 90000ms exceeded.
    Call log:
    [2m  - navigating to "http://localhost:3100/", waiting until "networkidle"[22m


      86 |   test('should be responsive on mobile', async ({ page }) => {
      87 |     await page.setViewportSize({ width: 375, height: 667 })
    > 88 |     await page.goto('/', { waitUntil: 'networkidle' })
         |                ^
      89 |     await page.waitForLoadState('domcontentloaded')
      90 |     await page.waitForTimeout(2000)
      91 |
        at D:\VERSATI GLASS\e2e\01-homepage.spec.ts:88:16

    attachment #1: screenshot (image/png) â”€â”€â”€â”€â”€â”€â”€â”€â”€â”€â”€â”€â”€â”€â”€â”€â”€â”€â”€â”€â”€â”€â”€â”€â”€â”€â”€â”€â”€â”€â”€â”€â”€â”€â”€â”€â”€â”€â”€â”€â”€â”€â”€â”€â”€â”€â”€â”€â”€â”€â”€â”€â”€â”€â”€â”€â”€â”€
    test-results\01-homepage-Homepage-should-be-responsive-on-mobile-chromium-public-retry1\test-failed-1.png
    â”€â”€â”€â”€â”€â”€â”€â”€â”€â”€â”€â”€â”€â”€â”€â”€â”€â”€â”€â”€â”€â”€â”€â”€â”€â”€â”€â”€â”€â”€â”€â”€â”€â”€â”€â”€â”€â”€â”€â”€â”€â”€â”€â”€â”€â”€â”€â”€â”€â”€â”€â”€â”€â”€â”€â”€â”€â”€â”€â”€â”€â”€â”€â”€â”€â”€â”€â”€â”€â”€â”€â”€â”€â”€â”€â”€â”€â”€â”€â”€â”€â”€â”€â”€â”€â”€â”€â”€â”€â”€â”€â”€â”€â”€â”€â”€

    Error Context: test-results\01-homepage-Homepage-should-be-responsive-on-mobile-chromium-public-retry1\error-context.md

    attachment #3: trace (application/zip) â”€â”€â”€â”€â”€â”€â”€â”€â”€â”€â”€â”€â”€â”€â”€â”€â”€â”€â”€â”€â”€â”€â”€â”€â”€â”€â”€â”€â”€â”€â”€â”€â”€â”€â”€â”€â”€â”€â”€â”€â”€â”€â”€â”€â”€â”€â”€â”€â”€â”€â”€â”€â”€â”€â”€â”€â”€
    test-results\01-homepage-Homepage-should-be-responsive-on-mobile-chromium-public-retry1\trace.zip
    Usage:

        npx playwright show-trace test-results\01-homepage-Homepage-should-be-responsive-on-mobile-chromium-public-retry1\trace.zip

    â”€â”€â”€â”€â”€â”€â”€â”€â”€â”€â”€â”€â”€â”€â”€â”€â”€â”€â”€â”€â”€â”€â”€â”€â”€â”€â”€â”€â”€â”€â”€â”€â”€â”€â”€â”€â”€â”€â”€â”€â”€â”€â”€â”€â”€â”€â”€â”€â”€â”€â”€â”€â”€â”€â”€â”€â”€â”€â”€â”€â”€â”€â”€â”€â”€â”€â”€â”€â”€â”€â”€â”€â”€â”€â”€â”€â”€â”€â”€â”€â”€â”€â”€â”€â”€â”€â”€â”€â”€â”€â”€â”€â”€â”€â”€â”€


[1A[2K  7) [chromium-public] â€º e2e\02-quote-flow.spec.ts:103:7 â€º Quote Flow - End to End â€º should allow navigation back and forth 

    Error: [2mexpect([22m[31mlocator[39m[2m).[22mtoBeVisible[2m([22m[2m)[22m failed

    Locator: locator('button[aria-label*="Box para Banheiro"]')
    Expected: visible
    Timeout: 30000ms
    Error: element(s) not found

    Call log:
    [2m  - Expect "toBeVisible" with timeout 30000ms[22m
    [2m  - waiting for locator('button[aria-label*="Box para Banheiro"]')[22m


      108 |     // Step 1: Select category
      109 |     const boxButton = page.locator('button[aria-label*="Box para Banheiro"]')
    > 110 |     await expect(boxButton).toBeVisible({ timeout: 30000 })
          |                             ^
      111 |     await boxButton.click()
      112 |     await page.waitForTimeout(500) // Wait for state update
      113 |
        at D:\VERSATI GLASS\e2e\02-quote-flow.spec.ts:110:29

    attachment #1: screenshot (image/png) â”€â”€â”€â”€â”€â”€â”€â”€â”€â”€â”€â”€â”€â”€â”€â”€â”€â”€â”€â”€â”€â”€â”€â”€â”€â”€â”€â”€â”€â”€â”€â”€â”€â”€â”€â”€â”€â”€â”€â”€â”€â”€â”€â”€â”€â”€â”€â”€â”€â”€â”€â”€â”€â”€â”€â”€â”€â”€
    test-results\02-quote-flow-Quote-Flow---e6b73-w-navigation-back-and-forth-chromium-public\test-failed-1.png
    â”€â”€â”€â”€â”€â”€â”€â”€â”€â”€â”€â”€â”€â”€â”€â”€â”€â”€â”€â”€â”€â”€â”€â”€â”€â”€â”€â”€â”€â”€â”€â”€â”€â”€â”€â”€â”€â”€â”€â”€â”€â”€â”€â”€â”€â”€â”€â”€â”€â”€â”€â”€â”€â”€â”€â”€â”€â”€â”€â”€â”€â”€â”€â”€â”€â”€â”€â”€â”€â”€â”€â”€â”€â”€â”€â”€â”€â”€â”€â”€â”€â”€â”€â”€â”€â”€â”€â”€â”€â”€â”€â”€â”€â”€â”€â”€

    Error Context: test-results\02-quote-flow-Quote-Flow---e6b73-w-navigation-back-and-forth-chromium-public\error-context.md

    Retry #1 â”€â”€â”€â”€â”€â”€â”€â”€â”€â”€â”€â”€â”€â”€â”€â”€â”€â”€â”€â”€â”€â”€â”€â”€â”€â”€â”€â”€â”€â”€â”€â”€â”€â”€â”€â”€â”€â”€â”€â”€â”€â”€â”€â”€â”€â”€â”€â”€â”€â”€â”€â”€â”€â”€â”€â”€â”€â”€â”€â”€â”€â”€â”€â”€â”€â”€â”€â”€â”€â”€â”€â”€â”€â”€â”€â”€â”€â”€â”€â”€â”€â”€â”€â”€â”€â”€â”€

    Error: [2mexpect([22m[31mlocator[39m[2m).[22mtoBeVisible[2m([22m[2m)[22m failed

    Locator: locator('button[aria-label*="Box para Banheiro"]')
    Expected: visible
    Timeout: 30000ms
    Error: element(s) not found

    Call log:
    [2m  - Expect "toBeVisible" with timeout 30000ms[22m
    [2m  - waiting for locator('button[aria-label*="Box para Banheiro"]')[22m


      108 |     // Step 1: Select category
      109 |     const boxButton = page.locator('button[aria-label*="Box para Banheiro"]')
    > 110 |     await expect(boxButton).toBeVisible({ timeout: 30000 })
          |                             ^
      111 |     await boxButton.click()
      112 |     await page.waitForTimeout(500) // Wait for state update
      113 |
        at D:\VERSATI GLASS\e2e\02-quote-flow.spec.ts:110:29

    attachment #1: screenshot (image/png) â”€â”€â”€â”€â”€â”€â”€â”€â”€â”€â”€â”€â”€â”€â”€â”€â”€â”€â”€â”€â”€â”€â”€â”€â”€â”€â”€â”€â”€â”€â”€â”€â”€â”€â”€â”€â”€â”€â”€â”€â”€â”€â”€â”€â”€â”€â”€â”€â”€â”€â”€â”€â”€â”€â”€â”€â”€â”€
    test-results\02-quote-flow-Quote-Flow---e6b73-w-navigation-back-and-forth-chromium-public-retry1\test-failed-1.png
    â”€â”€â”€â”€â”€â”€â”€â”€â”€â”€â”€â”€â”€â”€â”€â”€â”€â”€â”€â”€â”€â”€â”€â”€â”€â”€â”€â”€â”€â”€â”€â”€â”€â”€â”€â”€â”€â”€â”€â”€â”€â”€â”€â”€â”€â”€â”€â”€â”€â”€â”€â”€â”€â”€â”€â”€â”€â”€â”€â”€â”€â”€â”€â”€â”€â”€â”€â”€â”€â”€â”€â”€â”€â”€â”€â”€â”€â”€â”€â”€â”€â”€â”€â”€â”€â”€â”€â”€â”€â”€â”€â”€â”€â”€â”€â”€

    Error Context: test-results\02-quote-flow-Quote-Flow---e6b73-w-navigation-back-and-forth-chromium-public-retry1\error-context.md

    attachment #3: trace (application/zip) â”€â”€â”€â”€â”€â”€â”€â”€â”€â”€â”€â”€â”€â”€â”€â”€â”€â”€â”€â”€â”€â”€â”€â”€â”€â”€â”€â”€â”€â”€â”€â”€â”€â”€â”€â”€â”€â”€â”€â”€â”€â”€â”€â”€â”€â”€â”€â”€â”€â”€â”€â”€â”€â”€â”€â”€â”€
    test-results\02-quote-flow-Quote-Flow---e6b73-w-navigation-back-and-forth-chromium-public-retry1\trace.zip
    Usage:

        npx playwright show-trace test-results\02-quote-flow-Quote-Flow---e6b73-w-navigation-back-and-forth-chromium-public-retry1\trace.zip

    â”€â”€â”€â”€â”€â”€â”€â”€â”€â”€â”€â”€â”€â”€â”€â”€â”€â”€â”€â”€â”€â”€â”€â”€â”€â”€â”€â”€â”€â”€â”€â”€â”€â”€â”€â”€â”€â”€â”€â”€â”€â”€â”€â”€â”€â”€â”€â”€â”€â”€â”€â”€â”€â”€â”€â”€â”€â”€â”€â”€â”€â”€â”€â”€â”€â”€â”€â”€â”€â”€â”€â”€â”€â”€â”€â”€â”€â”€â”€â”€â”€â”€â”€â”€â”€â”€â”€â”€â”€â”€â”€â”€â”€â”€â”€â”€


[1A[2K[dotenv@17.2.3] injecting env (0) from .env.test -- tip: ðŸ‘¥ sync secrets across teammates & machines: https://dotenvx.com/ops

[1A[2K[21/64] [chromium-auth] â€º e2e\03-auth-flow.spec.ts:4:7 â€º Authentication Flow â€º should register new user
[1A[2K[dotenv@17.2.3] injecting env (0) from .env.test -- tip: âš™ï¸  specify custom .env file path with { path: '/custom/path/.env' }

[1A[2K[22/64] [chromium-auth] â€º e2e\03-auth-flow.spec.ts:33:7 â€º Authentication Flow â€º should login with valid credentials
[1A[2K[dotenv@17.2.3] injecting env (0) from .env.test -- tip: ðŸ› ï¸  run anywhere with `dotenvx run -- yourcommand`

[1A[2K[23/64] [chromium-public] â€º e2e\02-quote-flow.spec.ts:152:7 â€º Quote Flow - End to End â€º should show cart with items (retry #1)
[1A[2K  8) [chromium-public] â€º e2e\02-quote-flow.spec.ts:82:7 â€º Quote Flow - End to End â€º should validate category selection 

    Error: [2mexpect([22m[31mlocator[39m[2m).[22mtoBeVisible[2m([22m[2m)[22m failed

    Locator: locator('button[aria-label*="Box para Banheiro"]')
    Expected: visible
    Timeout: 30000ms
    Error: element(s) not found

    Call log:
    [2m  - Expect "toBeVisible" with timeout 30000ms[22m
    [2m  - waiting for locator('button[aria-label*="Box para Banheiro"]')[22m


      91 |     // Select a category
      92 |     const boxButton = page.locator('button[aria-label*="Box para Banheiro"]')
    > 93 |     await expect(boxButton).toBeVisible({ timeout: 30000 })
         |                             ^
      94 |     await boxButton.click()
      95 |
      96 |     // Wait for state update
        at D:\VERSATI GLASS\e2e\02-quote-flow.spec.ts:93:29

    attachment #1: screenshot (image/png) â”€â”€â”€â”€â”€â”€â”€â”€â”€â”€â”€â”€â”€â”€â”€â”€â”€â”€â”€â”€â”€â”€â”€â”€â”€â”€â”€â”€â”€â”€â”€â”€â”€â”€â”€â”€â”€â”€â”€â”€â”€â”€â”€â”€â”€â”€â”€â”€â”€â”€â”€â”€â”€â”€â”€â”€â”€â”€
    test-results\02-quote-flow-Quote-Flow---b02c5-validate-category-selection-chromium-public\test-failed-1.png
    â”€â”€â”€â”€â”€â”€â”€â”€â”€â”€â”€â”€â”€â”€â”€â”€â”€â”€â”€â”€â”€â”€â”€â”€â”€â”€â”€â”€â”€â”€â”€â”€â”€â”€â”€â”€â”€â”€â”€â”€â”€â”€â”€â”€â”€â”€â”€â”€â”€â”€â”€â”€â”€â”€â”€â”€â”€â”€â”€â”€â”€â”€â”€â”€â”€â”€â”€â”€â”€â”€â”€â”€â”€â”€â”€â”€â”€â”€â”€â”€â”€â”€â”€â”€â”€â”€â”€â”€â”€â”€â”€â”€â”€â”€â”€â”€

    Error Context: test-results\02-quote-flow-Quote-Flow---b02c5-validate-category-selection-chromium-public\error-context.md

    Retry #1 â”€â”€â”€â”€â”€â”€â”€â”€â”€â”€â”€â”€â”€â”€â”€â”€â”€â”€â”€â”€â”€â”€â”€â”€â”€â”€â”€â”€â”€â”€â”€â”€â”€â”€â”€â”€â”€â”€â”€â”€â”€â”€â”€â”€â”€â”€â”€â”€â”€â”€â”€â”€â”€â”€â”€â”€â”€â”€â”€â”€â”€â”€â”€â”€â”€â”€â”€â”€â”€â”€â”€â”€â”€â”€â”€â”€â”€â”€â”€â”€â”€â”€â”€â”€â”€â”€â”€

    Error: [2mexpect([22m[31mlocator[39m[2m).[22mtoBeVisible[2m([22m[2m)[22m failed

    Locator: locator('button[aria-label*="Box para Banheiro"]')
    Expected: visible
    Timeout: 30000ms
    Error: element(s) not found

    Call log:
    [2m  - Expect "toBeVisible" with timeout 30000ms[22m
    [2m  - waiting for locator('button[aria-label*="Box para Banheiro"]')[22m


      91 |     // Select a category
      92 |     const boxButton = page.locator('button[aria-label*="Box para Banheiro"]')
    > 93 |     await expect(boxButton).toBeVisible({ timeout: 30000 })
         |                             ^
      94 |     await boxButton.click()
      95 |
      96 |     // Wait for state update
        at D:\VERSATI GLASS\e2e\02-quote-flow.spec.ts:93:29

    attachment #1: screenshot (image/png) â”€â”€â”€â”€â”€â”€â”€â”€â”€â”€â”€â”€â”€â”€â”€â”€â”€â”€â”€â”€â”€â”€â”€â”€â”€â”€â”€â”€â”€â”€â”€â”€â”€â”€â”€â”€â”€â”€â”€â”€â”€â”€â”€â”€â”€â”€â”€â”€â”€â”€â”€â”€â”€â”€â”€â”€â”€â”€
    test-results\02-quote-flow-Quote-Flow---b02c5-validate-category-selection-chromium-public-retry1\test-failed-1.png
    â”€â”€â”€â”€â”€â”€â”€â”€â”€â”€â”€â”€â”€â”€â”€â”€â”€â”€â”€â”€â”€â”€â”€â”€â”€â”€â”€â”€â”€â”€â”€â”€â”€â”€â”€â”€â”€â”€â”€â”€â”€â”€â”€â”€â”€â”€â”€â”€â”€â”€â”€â”€â”€â”€â”€â”€â”€â”€â”€â”€â”€â”€â”€â”€â”€â”€â”€â”€â”€â”€â”€â”€â”€â”€â”€â”€â”€â”€â”€â”€â”€â”€â”€â”€â”€â”€â”€â”€â”€â”€â”€â”€â”€â”€â”€â”€

    Error Context: test-results\02-quote-flow-Quote-Flow---b02c5-validate-category-selection-chromium-public-retry1\error-context.md

    attachment #3: trace (application/zip) â”€â”€â”€â”€â”€â”€â”€â”€â”€â”€â”€â”€â”€â”€â”€â”€â”€â”€â”€â”€â”€â”€â”€â”€â”€â”€â”€â”€â”€â”€â”€â”€â”€â”€â”€â”€â”€â”€â”€â”€â”€â”€â”€â”€â”€â”€â”€â”€â”€â”€â”€â”€â”€â”€â”€â”€â”€
    test-results\02-quote-flow-Quote-Flow---b02c5-validate-category-selection-chromium-public-retry1\trace.zip
    Usage:

        npx playwright show-trace test-results\02-quote-flow-Quote-Flow---b02c5-validate-category-selection-chromium-public-retry1\trace.zip

    â”€â”€â”€â”€â”€â”€â”€â”€â”€â”€â”€â”€â”€â”€â”€â”€â”€â”€â”€â”€â”€â”€â”€â”€â”€â”€â”€â”€â”€â”€â”€â”€â”€â”€â”€â”€â”€â”€â”€â”€â”€â”€â”€â”€â”€â”€â”€â”€â”€â”€â”€â”€â”€â”€â”€â”€â”€â”€â”€â”€â”€â”€â”€â”€â”€â”€â”€â”€â”€â”€â”€â”€â”€â”€â”€â”€â”€â”€â”€â”€â”€â”€â”€â”€â”€â”€â”€â”€â”€â”€â”€â”€â”€â”€â”€â”€


[1A[2K[dotenv@17.2.3] injecting env (0) from .env.test -- tip: ðŸ‘¥ sync secrets across teammates & machines: https://dotenvx.com/ops

[1A[2K[24/64] [chromium-auth] â€º e2e\03-auth-flow.spec.ts:50:7 â€º Authentication Flow â€º should show error with invalid credentials
[1A[2K[25/64] [chromium-auth] â€º e2e\03-auth-flow.spec.ts:69:7 â€º Authentication Flow â€º should validate email format
[1A[2K[2m[WebServer] [22m[33m[auth][warn][debug-enabled][0m Read more: https://warnings.authjs.dev

[1A[2K[dotenv@17.2.3] injecting env (0) from .env.test -- tip: âœ… audit secrets and track compliance: https://dotenvx.com/ops

[1A[2K[26/64] [chromium-auth] â€º e2e\03-auth-flow.spec.ts:4:7 â€º Authentication Flow â€º should register new user (retry #1)
[1A[2K[2m[WebServer] [22m[33m[auth][warn][debug-enabled][0m Read more: https://warnings.authjs.dev

[1A[2K  9) [chromium-public] â€º e2e\02-quote-flow.spec.ts:152:7 â€º Quote Flow - End to End â€º should show cart with items 

    Error: [2mexpect([22m[31mlocator[39m[2m).[22mtoBeVisible[2m([22m[2m)[22m failed

    Locator: locator('button[aria-label*="Box para Banheiro"]')
    Expected: visible
    Timeout: 30000ms
    Error: element(s) not found

    Call log:
    [2m  - Expect "toBeVisible" with timeout 30000ms[22m
    [2m  - waiting for locator('button[aria-label*="Box para Banheiro"]')[22m


      157 |     // Step 1: Category
      158 |     const boxButton = page.locator('button[aria-label*="Box para Banheiro"]')
    > 159 |     await expect(boxButton).toBeVisible({ timeout: 30000 })
          |                             ^
      160 |     await boxButton.click()
      161 |     await page.waitForTimeout(500) // Wait for state update
      162 |
        at D:\VERSATI GLASS\e2e\02-quote-flow.spec.ts:159:29

    attachment #1: screenshot (image/png) â”€â”€â”€â”€â”€â”€â”€â”€â”€â”€â”€â”€â”€â”€â”€â”€â”€â”€â”€â”€â”€â”€â”€â”€â”€â”€â”€â”€â”€â”€â”€â”€â”€â”€â”€â”€â”€â”€â”€â”€â”€â”€â”€â”€â”€â”€â”€â”€â”€â”€â”€â”€â”€â”€â”€â”€â”€â”€
    test-results\02-quote-flow-Quote-Flow---7ffc6-should-show-cart-with-items-chromium-public\test-failed-1.png
    â”€â”€â”€â”€â”€â”€â”€â”€â”€â”€â”€â”€â”€â”€â”€â”€â”€â”€â”€â”€â”€â”€â”€â”€â”€â”€â”€â”€â”€â”€â”€â”€â”€â”€â”€â”€â”€â”€â”€â”€â”€â”€â”€â”€â”€â”€â”€â”€â”€â”€â”€â”€â”€â”€â”€â”€â”€â”€â”€â”€â”€â”€â”€â”€â”€â”€â”€â”€â”€â”€â”€â”€â”€â”€â”€â”€â”€â”€â”€â”€â”€â”€â”€â”€â”€â”€â”€â”€â”€â”€â”€â”€â”€â”€â”€â”€

    Error Context: test-results\02-quote-flow-Quote-Flow---7ffc6-should-show-cart-with-items-chromium-public\error-context.md

    Retry #1 â”€â”€â”€â”€â”€â”€â”€â”€â”€â”€â”€â”€â”€â”€â”€â”€â”€â”€â”€â”€â”€â”€â”€â”€â”€â”€â”€â”€â”€â”€â”€â”€â”€â”€â”€â”€â”€â”€â”€â”€â”€â”€â”€â”€â”€â”€â”€â”€â”€â”€â”€â”€â”€â”€â”€â”€â”€â”€â”€â”€â”€â”€â”€â”€â”€â”€â”€â”€â”€â”€â”€â”€â”€â”€â”€â”€â”€â”€â”€â”€â”€â”€â”€â”€â”€â”€â”€

    Error: [2mexpect([22m[31mlocator[39m[2m).[22mtoBeVisible[2m([22m[2m)[22m failed

    Locator: locator('button[aria-label*="Box para Banheiro"]')
    Expected: visible
    Timeout: 30000ms
    Error: element(s) not found

    Call log:
    [2m  - Expect "toBeVisible" with timeout 30000ms[22m
    [2m  - waiting for locator('button[aria-label*="Box para Banheiro"]')[22m


      157 |     // Step 1: Category
      158 |     const boxButton = page.locator('button[aria-label*="Box para Banheiro"]')
    > 159 |     await expect(boxButton).toBeVisible({ timeout: 30000 })
          |                             ^
      160 |     await boxButton.click()
      161 |     await page.waitForTimeout(500) // Wait for state update
      162 |
        at D:\VERSATI GLASS\e2e\02-quote-flow.spec.ts:159:29

    attachment #1: screenshot (image/png) â”€â”€â”€â”€â”€â”€â”€â”€â”€â”€â”€â”€â”€â”€â”€â”€â”€â”€â”€â”€â”€â”€â”€â”€â”€â”€â”€â”€â”€â”€â”€â”€â”€â”€â”€â”€â”€â”€â”€â”€â”€â”€â”€â”€â”€â”€â”€â”€â”€â”€â”€â”€â”€â”€â”€â”€â”€â”€
    test-results\02-quote-flow-Quote-Flow---7ffc6-should-show-cart-with-items-chromium-public-retry1\test-failed-1.png
    â”€â”€â”€â”€â”€â”€â”€â”€â”€â”€â”€â”€â”€â”€â”€â”€â”€â”€â”€â”€â”€â”€â”€â”€â”€â”€â”€â”€â”€â”€â”€â”€â”€â”€â”€â”€â”€â”€â”€â”€â”€â”€â”€â”€â”€â”€â”€â”€â”€â”€â”€â”€â”€â”€â”€â”€â”€â”€â”€â”€â”€â”€â”€â”€â”€â”€â”€â”€â”€â”€â”€â”€â”€â”€â”€â”€â”€â”€â”€â”€â”€â”€â”€â”€â”€â”€â”€â”€â”€â”€â”€â”€â”€â”€â”€â”€

    Error Context: test-results\02-quote-flow-Quote-Flow---7ffc6-should-show-cart-with-items-chromium-public-retry1\error-context.md

    attachment #3: trace (application/zip) â”€â”€â”€â”€â”€â”€â”€â”€â”€â”€â”€â”€â”€â”€â”€â”€â”€â”€â”€â”€â”€â”€â”€â”€â”€â”€â”€â”€â”€â”€â”€â”€â”€â”€â”€â”€â”€â”€â”€â”€â”€â”€â”€â”€â”€â”€â”€â”€â”€â”€â”€â”€â”€â”€â”€â”€â”€
    test-results\02-quote-flow-Quote-Flow---7ffc6-should-show-cart-with-items-chromium-public-retry1\trace.zip
    Usage:

        npx playwright show-trace test-results\02-quote-flow-Quote-Flow---7ffc6-should-show-cart-with-items-chromium-public-retry1\trace.zip

    â”€â”€â”€â”€â”€â”€â”€â”€â”€â”€â”€â”€â”€â”€â”€â”€â”€â”€â”€â”€â”€â”€â”€â”€â”€â”€â”€â”€â”€â”€â”€â”€â”€â”€â”€â”€â”€â”€â”€â”€â”€â”€â”€â”€â”€â”€â”€â”€â”€â”€â”€â”€â”€â”€â”€â”€â”€â”€â”€â”€â”€â”€â”€â”€â”€â”€â”€â”€â”€â”€â”€â”€â”€â”€â”€â”€â”€â”€â”€â”€â”€â”€â”€â”€â”€â”€â”€â”€â”€â”€â”€â”€â”€â”€â”€â”€


[1A[2K[2m[WebServer] [22m[ERROR] 2025-12-19T07:27:32.901Z - Registration error: SyntaxError: Unexpected end of JSON input
[2m[WebServer] [22m    at JSON.parse (<anonymous>)
[2m[WebServer] [22m[90m    at parseJSONFromBytes (node:internal/deps/undici/undici:5738:19)[39m
[2m[WebServer] [22m[90m    at successSteps (node:internal/deps/undici/undici:5719:27)[39m
[2m[WebServer] [22m[90m    at consumeBody (node:internal/deps/undici/undici:5725:9)[39m
[2m[WebServer] [22m[90m    at NextRequest.json (node:internal/deps/undici/undici:5665:18)[39m
[2m[WebServer] [22m    at POST (webpack-internal:///(rsc)/./src/app/api/auth/register/route.ts:44:36)
[2m[WebServer] [22m    at [90mD:\VERSATI GLASS\[39mnode_modules\[4m.pnpm[24m\next@14.2.33_@babel+core@7._7ed58a22f15b2f2041835ab71b63c437\node_modules\[4mnext[24m\dist\compiled\next-server\app-route.runtime.dev.js:6:57234
[2m[WebServer] [22m    at [90mD:\VERSATI GLASS\[39mnode_modules\[4m.pnpm[24m\next@14.2.33_@babel+core@7._7ed58a22f15b2f2041835ab71b63c437\node_modules\[4mnext[24m\dist\server\lib\trace\tracer.js:140:36
[2m[WebServer] [22m    at NoopContextManager.with [90m(D:\VERSATI GLASS\[39mnode_modules\[4m.pnpm[24m\next@14.2.33_@babel+core@7._7ed58a22f15b2f2041835ab71b63c437\node_modules\[4mnext[24m\dist\compiled\@opentelemetry\api\index.js:1:7062[90m)[39m
[2m[WebServer] [22m    at ContextAPI.with [90m(D:\VERSATI GLASS\[39mnode_modules\[4m.pnpm[24m\next@14.2.33_@babel+core@7._7ed58a22f15b2f2041835ab71b63c437\node_modules\[4mnext[24m\dist\compiled\@opentelemetry\api\index.js:1:518[90m)[39m
[2m[WebServer] [22m    at NoopTracer.startActiveSpan [90m(D:\VERSATI GLASS\[39mnode_modules\[4m.pnpm[24m\next@14.2.33_@babel+core@7._7ed58a22f15b2f2041835ab71b63c437\node_modules\[4mnext[24m\dist\compiled\@opentelemetry\api\index.js:1:18093[90m)[39m
[2m[WebServer] [22m    at ProxyTracer.startActiveSpan [90m(D:\VERSATI GLASS\[39mnode_modules\[4m.pnpm[24m\next@14.2.33_@babel+core@7._7ed58a22f15b2f2041835ab71b63c437\node_modules\[4mnext[24m\dist\compiled\@opentelemetry\api\index.js:1:18854[90m)[39m
[2m[WebServer] [22m    at [90mD:\VERSATI GLASS\[39mnode_modules\[4m.pnpm[24m\next@14.2.33_@babel+core@7._7ed58a22f15b2f2041835ab71b63c437\node_modules\[4mnext[24m\dist\server\lib\trace\tracer.js:122:103
[2m[WebServer] [22m    at NoopContextManager.with [90m(D:\VERSATI GLASS\[39mnode_modules\[4m.pnpm[24m\next@14.2.33_@babel+core@7._7ed58a22f15b2f2041835ab71b63c437\node_modules\[4mnext[24m\dist\compiled\@opentelemetry\api\index.js:1:7062[90m)[39m
[2m[WebServer] [22m    at ContextAPI.with [90m(D:\VERSATI GLASS\[39mnode_modules\[4m.pnpm[24m\next@14.2.33_@babel+core@7._7ed58a22f15b2f2041835ab71b63c437\node_modules\[4mnext[24m\dist\compiled\@opentelemetry\api\index.js:1:518[90m)[39m
[2m[WebServer] [22m    at NextTracerImpl.trace [90m(D:\VERSATI GLASS\[39mnode_modules\[4m.pnpm[24m\next@14.2.33_@babel+core@7._7ed58a22f15b2f2041835ab71b63c437\node_modules\[4mnext[24m\dist\server\lib\trace\tracer.js:122:28[90m)[39m
[2m[WebServer] [22m    at [90mD:\VERSATI GLASS\[39mnode_modules\[4m.pnpm[24m\next@14.2.33_@babel+core@7._7ed58a22f15b2f2041835ab71b63c437\node_modules\[4mnext[24m\dist\compiled\next-server\app-route.runtime.dev.js:6:48896
[2m[WebServer] [22m[90m    at AsyncLocalStorage.run (node:internal/async_local_storage/async_hooks:91:14)[39m
[2m[WebServer] [22m    at Object.wrap [90m(D:\VERSATI GLASS\[39mnode_modules\[4m.pnpm[24m\next@14.2.33_@babel+core@7._7ed58a22f15b2f2041835ab71b63c437\node_modules\[4mnext[24m\dist\compiled\next-server\app-route.runtime.dev.js:6:40958[90m)[39m
[2m[WebServer] [22m    at [90mD:\VERSATI GLASS\[39mnode_modules\[4m.pnpm[24m\next@14.2.33_@babel+core@7._7ed58a22f15b2f2041835ab71b63c437\node_modules\[4mnext[24m\dist\compiled\next-server\app-route.runtime.dev.js:6:47472
[2m[WebServer] [22m[90m    at AsyncLocalStorage.run (node:internal/async_local_storage/async_hooks:91:14)[39m
[2m[WebServer] [22m    at Object.wrap [90m(D:\VERSATI GLASS\[39mnode_modules\[4m.pnpm[24m\next@14.2.33_@babel+core@7._7ed58a22f15b2f2041835ab71b63c437\node_modules\[4mnext[24m\dist\compiled\next-server\app-route.runtime.dev.js:6:38293[90m)[39m
[2m[WebServer] [22m    at [90mD:\VERSATI GLASS\[39mnode_modules\[4m.pnpm[24m\next@14.2.33_@babel+core@7._7ed58a22f15b2f2041835ab71b63c437\node_modules\[4mnext[24m\dist\compiled\next-server\app-route.runtime.dev.js:6:47434
[2m[WebServer] [22m[90m    at AsyncLocalStorage.run (node:internal/async_local_storage/async_hooks:91:14)[39m
[2m[WebServer] [22m    at eT.execute [90m(D:\VERSATI GLASS\[39mnode_modules\[4m.pnpm[24m\next@14.2.33_@babel+core@7._7ed58a22f15b2f2041835ab71b63c437\node_modules\[4mnext[24m\dist\compiled\next-server\app-route.runtime.dev.js:6:46881[90m)[39m
[2m[WebServer] [22m    at eT.handle [90m(D:\VERSATI GLASS\[39mnode_modules\[4m.pnpm[24m\next@14.2.33_@babel+core@7._7ed58a22f15b2f2041835ab71b63c437\node_modules\[4mnext[24m\dist\compiled\next-server\app-route.runtime.dev.js:6:58771[90m)[39m
[2m[WebServer] [22m    at doRender [90m(D:\VERSATI GLASS\[39mnode_modules\[4m.pnpm[24m\next@14.2.33_@babel+core@7._7ed58a22f15b2f2041835ab71b63c437\node_modules\[4mnext[24m\dist\server\base-server.js:1366:60[90m)[39m
[2m[WebServer] [22m    at cacheEntry.responseCache.get.routeKind [90m(D:\VERSATI GLASS\[39mnode_modules\[4m.pnpm[24m\next@14.2.33_@babel+core@7._7ed58a22f15b2f2041835ab71b63c437\node_modules\[4mnext[24m\dist\server\base-server.js:1588:34[90m)[39m
[2m[WebServer] [22m    at ResponseCache.get [90m(D:\VERSATI GLASS\[39mnode_modules\[4m.pnpm[24m\next@14.2.33_@babel+core@7._7ed58a22f15b2f2041835ab71b63c437\node_modules\[4mnext[24m\dist\server\response-cache\index.js:49:26[90m)[39m
[2m[WebServer] [22m    at DevServer.renderToResponseWithComponentsImpl [90m(D:\VERSATI GLASS\[39mnode_modules\[4m.pnpm[24m\next@14.2.33_@babel+core@7._7ed58a22f15b2f2041835ab71b63c437\node_modules\[4mnext[24m\dist\server\base-server.js:1496:53[90m)[39m

[1A[2K[dotenv@17.2.3] injecting env (0) from .env.test -- tip: ðŸ” prevent building .env in docker: https://dotenvx.com/prebuild

[1A[2K[27/64] [chromium-auth] â€º e2e\03-auth-flow.spec.ts:91:7 â€º Authentication Flow â€º should validate password minimum length
[1A[2K[dotenv@17.2.3] injecting env (0) from .env.test -- tip: âš™ï¸  suppress all logs with { quiet: true }

[1A[2K[28/64] [chromium-auth] â€º e2e\03-auth-flow.spec.ts:33:7 â€º Authentication Flow â€º should login with valid credentials (retry #1)
[1A[2K[29/64] [chromium-auth] â€º e2e\03-auth-flow.spec.ts:118:7 â€º Authentication Flow â€º should validate password confirmation match
[1A[2K[30/64] [chromium-auth] â€º e2e\03-auth-flow.spec.ts:137:7 â€º Authentication Flow â€º should logout successfully
[1A[2K[dotenv@17.2.3] injecting env (0) from .env.test -- tip: ðŸ” encrypt with Dotenvx: https://dotenvx.com

[1A[2K[31/64] [chromium-auth] â€º e2e\03-auth-flow.spec.ts:69:7 â€º Authentication Flow â€º should validate email format (retry #1)
[1A[2K[2m[WebServer] [22m[33m[auth][warn][debug-enabled][0m Read more: https://warnings.authjs.dev

[1A[2K  10) [chromium-auth] â€º e2e\03-auth-flow.spec.ts:33:7 â€º Authentication Flow â€º should login with valid credentials 

    [31mTest timeout of 120000ms exceeded.[39m

    Error: page.waitForURL: Test timeout of 120000ms exceeded.
    =========================== logs ===========================
    waiting for navigation until "load"
    ============================================================

      45 |
      46 |     // 4. Should redirect to dashboard/portal
    > 47 |     await page.waitForURL(/\/admin|\/portal/, { timeout: 60000 })
         |                ^
      48 |   })
      49 |
      50 |   test('should show error with invalid credentials', async ({ page }) => {
        at D:\VERSATI GLASS\e2e\03-auth-flow.spec.ts:47:16

    attachment #1: screenshot (image/png) â”€â”€â”€â”€â”€â”€â”€â”€â”€â”€â”€â”€â”€â”€â”€â”€â”€â”€â”€â”€â”€â”€â”€â”€â”€â”€â”€â”€â”€â”€â”€â”€â”€â”€â”€â”€â”€â”€â”€â”€â”€â”€â”€â”€â”€â”€â”€â”€â”€â”€â”€â”€â”€â”€â”€â”€â”€â”€
    test-results\03-auth-flow-Authenticatio-5e8ed-ogin-with-valid-credentials-chromium-auth\test-failed-1.png
    â”€â”€â”€â”€â”€â”€â”€â”€â”€â”€â”€â”€â”€â”€â”€â”€â”€â”€â”€â”€â”€â”€â”€â”€â”€â”€â”€â”€â”€â”€â”€â”€â”€â”€â”€â”€â”€â”€â”€â”€â”€â”€â”€â”€â”€â”€â”€â”€â”€â”€â”€â”€â”€â”€â”€â”€â”€â”€â”€â”€â”€â”€â”€â”€â”€â”€â”€â”€â”€â”€â”€â”€â”€â”€â”€â”€â”€â”€â”€â”€â”€â”€â”€â”€â”€â”€â”€â”€â”€â”€â”€â”€â”€â”€â”€â”€

    Error Context: test-results\03-auth-flow-Authenticatio-5e8ed-ogin-with-valid-credentials-chromium-auth\error-context.md

    Retry #1 â”€â”€â”€â”€â”€â”€â”€â”€â”€â”€â”€â”€â”€â”€â”€â”€â”€â”€â”€â”€â”€â”€â”€â”€â”€â”€â”€â”€â”€â”€â”€â”€â”€â”€â”€â”€â”€â”€â”€â”€â”€â”€â”€â”€â”€â”€â”€â”€â”€â”€â”€â”€â”€â”€â”€â”€â”€â”€â”€â”€â”€â”€â”€â”€â”€â”€â”€â”€â”€â”€â”€â”€â”€â”€â”€â”€â”€â”€â”€â”€â”€â”€â”€â”€â”€â”€â”€

    TimeoutError: page.waitForURL: Timeout 60000ms exceeded.
    =========================== logs ===========================
    waiting for navigation until "load"
    ============================================================

      45 |
      46 |     // 4. Should redirect to dashboard/portal
    > 47 |     await page.waitForURL(/\/admin|\/portal/, { timeout: 60000 })
         |                ^
      48 |   })
      49 |
      50 |   test('should show error with invalid credentials', async ({ page }) => {
        at D:\VERSATI GLASS\e2e\03-auth-flow.spec.ts:47:16

    attachment #1: screenshot (image/png) â”€â”€â”€â”€â”€â”€â”€â”€â”€â”€â”€â”€â”€â”€â”€â”€â”€â”€â”€â”€â”€â”€â”€â”€â”€â”€â”€â”€â”€â”€â”€â”€â”€â”€â”€â”€â”€â”€â”€â”€â”€â”€â”€â”€â”€â”€â”€â”€â”€â”€â”€â”€â”€â”€â”€â”€â”€â”€
    test-results\03-auth-flow-Authenticatio-5e8ed-ogin-with-valid-credentials-chromium-auth-retry1\test-failed-1.png
    â”€â”€â”€â”€â”€â”€â”€â”€â”€â”€â”€â”€â”€â”€â”€â”€â”€â”€â”€â”€â”€â”€â”€â”€â”€â”€â”€â”€â”€â”€â”€â”€â”€â”€â”€â”€â”€â”€â”€â”€â”€â”€â”€â”€â”€â”€â”€â”€â”€â”€â”€â”€â”€â”€â”€â”€â”€â”€â”€â”€â”€â”€â”€â”€â”€â”€â”€â”€â”€â”€â”€â”€â”€â”€â”€â”€â”€â”€â”€â”€â”€â”€â”€â”€â”€â”€â”€â”€â”€â”€â”€â”€â”€â”€â”€â”€

    Error Context: test-results\03-auth-flow-Authenticatio-5e8ed-ogin-with-valid-credentials-chromium-auth-retry1\error-context.md

    attachment #3: trace (application/zip) â”€â”€â”€â”€â”€â”€â”€â”€â”€â”€â”€â”€â”€â”€â”€â”€â”€â”€â”€â”€â”€â”€â”€â”€â”€â”€â”€â”€â”€â”€â”€â”€â”€â”€â”€â”€â”€â”€â”€â”€â”€â”€â”€â”€â”€â”€â”€â”€â”€â”€â”€â”€â”€â”€â”€â”€â”€
    test-results\03-auth-flow-Authenticatio-5e8ed-ogin-with-valid-credentials-chromium-auth-retry1\trace.zip
    Usage:

        npx playwright show-trace test-results\03-auth-flow-Authenticatio-5e8ed-ogin-with-valid-credentials-chromium-auth-retry1\trace.zip

    â”€â”€â”€â”€â”€â”€â”€â”€â”€â”€â”€â”€â”€â”€â”€â”€â”€â”€â”€â”€â”€â”€â”€â”€â”€â”€â”€â”€â”€â”€â”€â”€â”€â”€â”€â”€â”€â”€â”€â”€â”€â”€â”€â”€â”€â”€â”€â”€â”€â”€â”€â”€â”€â”€â”€â”€â”€â”€â”€â”€â”€â”€â”€â”€â”€â”€â”€â”€â”€â”€â”€â”€â”€â”€â”€â”€â”€â”€â”€â”€â”€â”€â”€â”€â”€â”€â”€â”€â”€â”€â”€â”€â”€â”€â”€â”€


[1A[2K  11) [chromium-auth] â€º e2e\03-auth-flow.spec.ts:69:7 â€º Authentication Flow â€º should validate email format 

    TimeoutError: page.goto: Timeout 90000ms exceeded.
    Call log:
    [2m  - navigating to "http://localhost:3100/registro", waiting until "networkidle"[22m


      68 |
      69 |   test('should validate email format', async ({ page }) => {
    > 70 |     await page.goto('/registro', { waitUntil: 'networkidle' })
         |                ^
      71 |     await page.waitForLoadState('domcontentloaded')
      72 |     await page.waitForTimeout(2000)
      73 |
        at D:\VERSATI GLASS\e2e\03-auth-flow.spec.ts:70:16

    attachment #1: screenshot (image/png) â”€â”€â”€â”€â”€â”€â”€â”€â”€â”€â”€â”€â”€â”€â”€â”€â”€â”€â”€â”€â”€â”€â”€â”€â”€â”€â”€â”€â”€â”€â”€â”€â”€â”€â”€â”€â”€â”€â”€â”€â”€â”€â”€â”€â”€â”€â”€â”€â”€â”€â”€â”€â”€â”€â”€â”€â”€â”€
    test-results\03-auth-flow-Authenticatio-fb56c-hould-validate-email-format-chromium-auth\test-failed-1.png
    â”€â”€â”€â”€â”€â”€â”€â”€â”€â”€â”€â”€â”€â”€â”€â”€â”€â”€â”€â”€â”€â”€â”€â”€â”€â”€â”€â”€â”€â”€â”€â”€â”€â”€â”€â”€â”€â”€â”€â”€â”€â”€â”€â”€â”€â”€â”€â”€â”€â”€â”€â”€â”€â”€â”€â”€â”€â”€â”€â”€â”€â”€â”€â”€â”€â”€â”€â”€â”€â”€â”€â”€â”€â”€â”€â”€â”€â”€â”€â”€â”€â”€â”€â”€â”€â”€â”€â”€â”€â”€â”€â”€â”€â”€â”€â”€

    Error Context: test-results\03-auth-flow-Authenticatio-fb56c-hould-validate-email-format-chromium-auth\error-context.md


[1A[2K[32/64] [chromium-auth] â€º e2e\03-auth-flow.spec.ts:197:7 â€º Authentication Flow â€º should navigate to password recovery
[1A[2K[dotenv@17.2.3] injecting env (0) from .env.test -- tip: ðŸ› ï¸  run anywhere with `dotenvx run -- yourcommand`

[1A[2K[33/64] [chromium-auth] â€º e2e\03-auth-flow.spec.ts:186:7 â€º Authentication Flow â€º should redirect to login when accessing protected route
[1A[2K  12) [chromium-auth] â€º e2e\03-auth-flow.spec.ts:4:7 â€º Authentication Flow â€º should register new user 

    [31mTest timeout of 120000ms exceeded.[39m

    Error: page.waitForURL: Test timeout of 120000ms exceeded.
    =========================== logs ===========================
    waiting for navigation until "load"
    ============================================================

      28 |
      29 |     // 5. Should redirect to portal or login
    > 30 |     await page.waitForURL(/\/portal|\/login/, { timeout: 60000 })
         |                ^
      31 |   })
      32 |
      33 |   test('should login with valid credentials', async ({ page }) => {
        at D:\VERSATI GLASS\e2e\03-auth-flow.spec.ts:30:16

    attachment #1: screenshot (image/png) â”€â”€â”€â”€â”€â”€â”€â”€â”€â”€â”€â”€â”€â”€â”€â”€â”€â”€â”€â”€â”€â”€â”€â”€â”€â”€â”€â”€â”€â”€â”€â”€â”€â”€â”€â”€â”€â”€â”€â”€â”€â”€â”€â”€â”€â”€â”€â”€â”€â”€â”€â”€â”€â”€â”€â”€â”€â”€
    test-results\03-auth-flow-Authentication-Flow-should-register-new-user-chromium-auth\test-failed-1.png
    â”€â”€â”€â”€â”€â”€â”€â”€â”€â”€â”€â”€â”€â”€â”€â”€â”€â”€â”€â”€â”€â”€â”€â”€â”€â”€â”€â”€â”€â”€â”€â”€â”€â”€â”€â”€â”€â”€â”€â”€â”€â”€â”€â”€â”€â”€â”€â”€â”€â”€â”€â”€â”€â”€â”€â”€â”€â”€â”€â”€â”€â”€â”€â”€â”€â”€â”€â”€â”€â”€â”€â”€â”€â”€â”€â”€â”€â”€â”€â”€â”€â”€â”€â”€â”€â”€â”€â”€â”€â”€â”€â”€â”€â”€â”€â”€

    Error Context: test-results\03-auth-flow-Authentication-Flow-should-register-new-user-chromium-auth\error-context.md

    Retry #1 â”€â”€â”€â”€â”€â”€â”€â”€â”€â”€â”€â”€â”€â”€â”€â”€â”€â”€â”€â”€â”€â”€â”€â”€â”€â”€â”€â”€â”€â”€â”€â”€â”€â”€â”€â”€â”€â”€â”€â”€â”€â”€â”€â”€â”€â”€â”€â”€â”€â”€â”€â”€â”€â”€â”€â”€â”€â”€â”€â”€â”€â”€â”€â”€â”€â”€â”€â”€â”€â”€â”€â”€â”€â”€â”€â”€â”€â”€â”€â”€â”€â”€â”€â”€â”€â”€â”€

    TimeoutError: page.waitForURL: Timeout 60000ms exceeded.
    =========================== logs ===========================
    waiting for navigation until "load"
    ============================================================

      28 |
      29 |     // 5. Should redirect to portal or login
    > 30 |     await page.waitForURL(/\/portal|\/login/, { timeout: 60000 })
         |                ^
      31 |   })
      32 |
      33 |   test('should login with valid credentials', async ({ page }) => {
        at D:\VERSATI GLASS\e2e\03-auth-flow.spec.ts:30:16

    attachment #1: screenshot (image/png) â”€â”€â”€â”€â”€â”€â”€â”€â”€â”€â”€â”€â”€â”€â”€â”€â”€â”€â”€â”€â”€â”€â”€â”€â”€â”€â”€â”€â”€â”€â”€â”€â”€â”€â”€â”€â”€â”€â”€â”€â”€â”€â”€â”€â”€â”€â”€â”€â”€â”€â”€â”€â”€â”€â”€â”€â”€â”€
    test-results\03-auth-flow-Authentication-Flow-should-register-new-user-chromium-auth-retry1\test-failed-1.png
    â”€â”€â”€â”€â”€â”€â”€â”€â”€â”€â”€â”€â”€â”€â”€â”€â”€â”€â”€â”€â”€â”€â”€â”€â”€â”€â”€â”€â”€â”€â”€â”€â”€â”€â”€â”€â”€â”€â”€â”€â”€â”€â”€â”€â”€â”€â”€â”€â”€â”€â”€â”€â”€â”€â”€â”€â”€â”€â”€â”€â”€â”€â”€â”€â”€â”€â”€â”€â”€â”€â”€â”€â”€â”€â”€â”€â”€â”€â”€â”€â”€â”€â”€â”€â”€â”€â”€â”€â”€â”€â”€â”€â”€â”€â”€â”€

    Error Context: test-results\03-auth-flow-Authentication-Flow-should-register-new-user-chromium-auth-retry1\error-context.md

    attachment #3: trace (application/zip) â”€â”€â”€â”€â”€â”€â”€â”€â”€â”€â”€â”€â”€â”€â”€â”€â”€â”€â”€â”€â”€â”€â”€â”€â”€â”€â”€â”€â”€â”€â”€â”€â”€â”€â”€â”€â”€â”€â”€â”€â”€â”€â”€â”€â”€â”€â”€â”€â”€â”€â”€â”€â”€â”€â”€â”€â”€
    test-results\03-auth-flow-Authentication-Flow-should-register-new-user-chromium-auth-retry1\trace.zip
    Usage:

        npx playwright show-trace test-results\03-auth-flow-Authentication-Flow-should-register-new-user-chromium-auth-retry1\trace.zip

    â”€â”€â”€â”€â”€â”€â”€â”€â”€â”€â”€â”€â”€â”€â”€â”€â”€â”€â”€â”€â”€â”€â”€â”€â”€â”€â”€â”€â”€â”€â”€â”€â”€â”€â”€â”€â”€â”€â”€â”€â”€â”€â”€â”€â”€â”€â”€â”€â”€â”€â”€â”€â”€â”€â”€â”€â”€â”€â”€â”€â”€â”€â”€â”€â”€â”€â”€â”€â”€â”€â”€â”€â”€â”€â”€â”€â”€â”€â”€â”€â”€â”€â”€â”€â”€â”€â”€â”€â”€â”€â”€â”€â”€â”€â”€â”€


[1A[2K[2m[WebServer] [22m[33m[auth][warn][debug-enabled][0m Read more: https://warnings.authjs.dev

[1A[2K[dotenv@17.2.3] injecting env (0) from .env.test -- tip: ðŸ—‚ï¸ backup and recover secrets: https://dotenvx.com/ops

[1A[2K[34/64] [chromium-auth] â€º e2e\03-auth-flow.spec.ts:212:7 â€º Authentication Flow â€º should request password recovery
[1A[2K[dotenv@17.2.3] injecting env (0) from .env.test -- tip: ðŸ” prevent building .env in docker: https://dotenvx.com/prebuild

[1A[2K[35/64] [chromium-auth] â€º e2e\03-auth-flow.spec.ts:137:7 â€º Authentication Flow â€º should logout successfully (retry #1)
[1A[2K[2m[WebServer] [22m[33m[auth][warn][debug-enabled][0m Read more: https://warnings.authjs.dev

[1A[2K[2m[WebServer] [22m[ERROR] 2025-12-19T07:31:59.753Z - Forgot password error: SyntaxError: Unexpected end of JSON input
[2m[WebServer] [22m    at JSON.parse (<anonymous>)
[2m[WebServer] [22m[90m    at parseJSONFromBytes (node:internal/deps/undici/undici:5738:19)[39m
[2m[WebServer] [22m[90m    at successSteps (node:internal/deps/undici/undici:5719:27)[39m
[2m[WebServer] [22m[90m    at consumeBody (node:internal/deps/undici/undici:5725:9)[39m
[2m[WebServer] [22m[90m    at NextRequest.json (node:internal/deps/undici/undici:5665:18)[39m
[2m[WebServer] [22m    at POST (webpack-internal:///(rsc)/./src/app/api/auth/forgot-password/route.ts:36:36)
[2m[WebServer] [22m    at [90mD:\VERSATI GLASS\[39mnode_modules\[4m.pnpm[24m\next@14.2.33_@babel+core@7._7ed58a22f15b2f2041835ab71b63c437\node_modules\[4mnext[24m\dist\compiled\next-server\app-route.runtime.dev.js:6:57234
[2m[WebServer] [22m    at [90mD:\VERSATI GLASS\[39mnode_modules\[4m.pnpm[24m\next@14.2.33_@babel+core@7._7ed58a22f15b2f2041835ab71b63c437\node_modules\[4mnext[24m\dist\server\lib\trace\tracer.js:140:36
[2m[WebServer] [22m    at NoopContextManager.with [90m(D:\VERSATI GLASS\[39mnode_modules\[4m.pnpm[24m\next@14.2.33_@babel+core@7._7ed58a22f15b2f2041835ab71b63c437\node_modules\[4mnext[24m\dist\compiled\@opentelemetry\api\index.js:1:7062[90m)[39m
[2m[WebServer] [22m    at ContextAPI.with [90m(D:\VERSATI GLASS\[39mnode_modules\[4m.pnpm[24m\next@14.2.33_@babel+core@7._7ed58a22f15b2f2041835ab71b63c437\node_modules\[4mnext[24m\dist\compiled\@opentelemetry\api\index.js:1:518[90m)[39m
[2m[WebServer] [22m    at NoopTracer.startActiveSpan [90m(D:\VERSATI GLASS\[39mnode_modules\[4m.pnpm[24m\next@14.2.33_@babel+core@7._7ed58a22f15b2f2041835ab71b63c437\node_modules\[4mnext[24m\dist\compiled\@opentelemetry\api\index.js:1:18093[90m)[39m
[2m[WebServer] [22m    at ProxyTracer.startActiveSpan [90m(D:\VERSATI GLASS\[39mnode_modules\[4m.pnpm[24m\next@14.2.33_@babel+core@7._7ed58a22f15b2f2041835ab71b63c437\node_modules\[4mnext[24m\dist\compiled\@opentelemetry\api\index.js:1:18854[90m)[39m
[2m[WebServer] [22m    at [90mD:\VERSATI GLASS\[39mnode_modules\[4m.pnpm[24m\next@14.2.33_@babel+core@7._7ed58a22f15b2f2041835ab71b63c437\node_modules\[4mnext[24m\dist\server\lib\trace\tracer.js:122:103
[2m[WebServer] [22m    at NoopContextManager.with [90m(D:\VERSATI GLASS\[39mnode_modules\[4m.pnpm[24m\next@14.2.33_@babel+core@7._7ed58a22f15b2f2041835ab71b63c437\node_modules\[4mnext[24m\dist\compiled\@opentelemetry\api\index.js:1:7062[90m)[39m
[2m[WebServer] [22m    at ContextAPI.with [90m(D:\VERSATI GLASS\[39mnode_modules\[4m.pnpm[24m\next@14.2.33_@babel+core@7._7ed58a22f15b2f2041835ab71b63c437\node_modules\[4mnext[24m\dist\compiled\@opentelemetry\api\index.js:1:518[90m)[39m
[2m[WebServer] [22m    at NextTracerImpl.trace [90m(D:\VERSATI GLASS\[39mnode_modules\[4m.pnpm[24m\next@14.2.33_@babel+core@7._7ed58a22f15b2f2041835ab71b63c437\node_modules\[4mnext[24m\dist\server\lib\trace\tracer.js:122:28[90m)[39m
[2m[WebServer] [22m    at [90mD:\VERSATI GLASS\[39mnode_modules\[4m.pnpm[24m\next@14.2.33_@babel+core@7._7ed58a22f15b2f2041835ab71b63c437\node_modules\[4mnext[24m\dist\compiled\next-server\app-route.runtime.dev.js:6:48896
[2m[WebServer] [22m[90m    at AsyncLocalStorage.run (node:internal/async_local_storage/async_hooks:91:14)[39m
[2m[WebServer] [22m    at Object.wrap [90m(D:\VERSATI GLASS\[39mnode_modules\[4m.pnpm[24m\next@14.2.33_@babel+core@7._7ed58a22f15b2f2041835ab71b63c437\node_modules\[4mnext[24m\dist\compiled\next-server\app-route.runtime.dev.js:6:40958[90m)[39m
[2m[WebServer] [22m    at [90mD:\VERSATI GLASS\[39mnode_modules\[4m.pnpm[24m\next@14.2.33_@babel+core@7._7ed58a22f15b2f2041835ab71b63c437\node_modules\[4mnext[24m\dist\compiled\next-server\app-route.runtime.dev.js:6:47472
[2m[WebServer] [22m[90m    at AsyncLocalStorage.run (node:internal/async_local_storage/async_hooks:91:14)[39m
[2m[WebServer] [22m    at Object.wrap [90m(D:\VERSATI GLASS\[39mnode_modules\[4m.pnpm[24m\next@14.2.33_@babel+core@7._7ed58a22f15b2f2041835ab71b63c437\node_modules\[4mnext[24m\dist\compiled\next-server\app-route.runtime.dev.js:6:38293[90m)[39m
[2m[WebServer] [22m    at [90mD:\VERSATI GLASS\[39mnode_modules\[4m.pnpm[24m\next@14.2.33_@babel+core@7._7ed58a22f15b2f2041835ab71b63c437\node_modules\[4mnext[24m\dist\compiled\next-server\app-route.runtime.dev.js:6:47434
[2m[WebServer] [22m[90m    at AsyncLocalStorage.run (node:internal/async_local_storage/async_hooks:91:14)[39m
[2m[WebServer] [22m    at eT.execute [90m(D:\VERSATI GLASS\[39mnode_modules\[4m.pnpm[24m\next@14.2.33_@babel+core@7._7ed58a22f15b2f2041835ab71b63c437\node_modules\[4mnext[24m\dist\compiled\next-server\app-route.runtime.dev.js:6:46881[90m)[39m
[2m[WebServer] [22m    at eT.handle [90m(D:\VERSATI GLASS\[39mnode_modules\[4m.pnpm[24m\next@14.2.33_@babel+core@7._7ed58a22f15b2f2041835ab71b63c437\node_modules\[4mnext[24m\dist\compiled\next-server\app-route.runtime.dev.js:6:58771[90m)[39m
[2m[WebServer] [22m    at doRender [90m(D:\VERSATI GLASS\[39mnode_modules\[4m.pnpm[24m\next@14.2.33_@babel+core@7._7ed58a22f15b2f2041835ab71b63c437\node_modules\[4mnext[24m\dist\server\base-server.js:1366:60[90m)[39m
[2m[WebServer] [22m    at cacheEntry.responseCache.get.routeKind [90m(D:\VERSATI GLASS\[39mnode_modules\[4m.pnpm[24m\next@14.2.33_@babel+core@7._7ed58a22f15b2f2041835ab71b63c437\node_modules\[4mnext[24m\dist\server\base-server.js:1588:34[90m)[39m
[2m[WebServer] [22m    at ResponseCache.get [90m(D:\VERSATI GLASS\[39mnode_modules\[4m.pnpm[24m\next@14.2.33_@babel+core@7._7ed58a22f15b2f2041835ab71b63c437\node_modules\[4mnext[24m\dist\server\response-cache\index.js:49:26[90m)[39m
[2m[WebServer] [22m    at DevServer.renderToResponseWithComponentsImpl [90m(D:\VERSATI GLASS\[39mnode_modules\[4m.pnpm[24m\next@14.2.33_@babel+core@7._7ed58a22f15b2f2041835ab71b63c437\node_modules\[4mnext[24m\dist\server\base-server.js:1496:53[90m)[39m

[1A[2K[2m[WebServer] [22m[31m[auth][error][0m MissingCSRF: CSRF token was missing during an action callback. Read more at https://errors.authjs.dev#missingcsrf

[1A[2K[2m[WebServer] [22m    at validateCSRF (webpack-internal:///(rsc)/./node_modules/.pnpm/@auth+core@0.41.0/node_modules/@auth/core/lib/actions/callback/oauth/csrf-token.js:45:11)
[2m[WebServer] [22m    at AuthInternal (webpack-internal:///(rsc)/./node_modules/.pnpm/@auth+core@0.41.0/node_modules/@auth/core/lib/index.js:69:104)
[2m[WebServer] [22m    at async Auth (webpack-internal:///(rsc)/./node_modules/.pnpm/@auth+core@0.41.0/node_modules/@auth/core/index.js:130:34)
[2m[WebServer] [22m    at async D:\VERSATI GLASS\node_modules\.pnpm\next@14.2.33_@babel+core@7._7ed58a22f15b2f2041835ab71b63c437\node_modules\next\dist\compiled\next-server\app-route.runtime.dev.js:6:57228
[2m[WebServer] [22m    at async eT.execute (D:\VERSATI GLASS\node_modules\.pnpm\next@14.2.33_@babel+core@7._7ed58a22f15b2f2041835ab71b63c437\node_modules\next\dist\compiled\next-server\app-route.runtime.dev.js:6:46851)
[2m[WebServer] [22m    at async eT.handle (D:\VERSATI GLASS\node_modules\.pnpm\next@14.2.33_@babel+core@7._7ed58a22f15b2f2041835ab71b63c437\node_modules\next\dist\compiled\next-server\app-route.runtime.dev.js:6:58760)
[2m[WebServer] [22m    at async doRender (D:\VERSATI GLASS\node_modules\.pnpm\next@14.2.33_@babel+core@7._7ed58a22f15b2f2041835ab71b63c437\node_modules\next\dist\server\base-server.js:1366:42)
[2m[WebServer] [22m    at async cacheEntry.responseCache.get.routeKind (D:\VERSATI GLASS\node_modules\.pnpm\next@14.2.33_@babel+core@7._7ed58a22f15b2f2041835ab71b63c437\node_modules\next\dist\server\base-server.js:1576:40)
[2m[WebServer] [22m    at async DevServer.renderToResponseWithComponentsImpl (D:\VERSATI GLASS\node_modules\.pnpm\next@14.2.33_@babel+core@7._7ed58a22f15b2f2041835ab71b63c437\node_modules\next\dist\server\base-server.js:1496:28)
[2m[WebServer] [22m    at async DevServer.renderPageComponent (D:\VERSATI GLASS\node_modules\.pnpm\next@14.2.33_@babel+core@7._7ed58a22f15b2f2041835ab71b63c437\node_modules\next\dist\server\base-server.js:1924:24)
[2m[WebServer] [22m    at async DevServer.renderToResponseImpl (D:\VERSATI GLASS\node_modules\.pnpm\next@14.2.33_@babel+core@7._7ed58a22f15b2f2041835ab71b63c437\node_modules\next\dist\server\base-server.js:1962:32)
[2m[WebServer] [22m    at async DevServer.pipeImpl (D:\VERSATI GLASS\node_modules\.pnpm\next@14.2.33_@babel+core@7._7ed58a22f15b2f2041835ab71b63c437\node_modules\next\dist\server\base-server.js:922:25)
[2m[WebServer] [22m    at async NextNodeServer.handleCatchallRenderRequest (D:\VERSATI GLASS\node_modules\.pnpm\next@14.2.33_@babel+core@7._7ed58a22f15b2f2041835ab71b63c437\node_modules\next\dist\server\next-server.js:272:17)
[2m[WebServer] [22m    at async DevServer.handleRequestImpl (D:\VERSATI GLASS\node_modules\.pnpm\next@14.2.33_@babel+core@7._7ed58a22f15b2f2041835ab71b63c437\node_modules\next\dist\server\base-server.js:818:17)
[2m[WebServer] [22m    at async D:\VERSATI GLASS\node_modules\.pnpm\next@14.2.33_@babel+core@7._7ed58a22f15b2f2041835ab71b63c437\node_modules\next\dist\server\dev\next-dev-server.js:339:20
[2m[WebServer] [22m    at async Span.traceAsyncFn (D:\VERSATI GLASS\node_modules\.pnpm\next@14.2.33_@babel+core@7._7ed58a22f15b2f2041835ab71b63c437\node_modules\next\dist\trace\trace.js:154:20)
[2m[WebServer] [22m    at async DevServer.handleRequest (D:\VERSATI GLASS\node_modules\.pnpm\next@14.2.33_@babel+core@7._7ed58a22f15b2f2041835ab71b63c437\node_modules\next\dist\server\dev\next-dev-server.js:336:24)
[2m[WebServer] [22m    at async invokeRender (D:\VERSATI GLASS\node_modules\.pnpm\next@14.2.33_@babel+core@7._7ed58a22f15b2f2041835ab71b63c437\node_modules\next\dist\server\lib\router-server.js:179:21)
[2m[WebServer] [22m    at async handleRequest (D:\VERSATI GLASS\node_modules\.pnpm\next@14.2.33_@babel+core@7._7ed58a22f15b2f2041835ab71b63c437\node_modules\next\dist\server\lib\router-server.js:359:24)
[2m[WebServer] [22m    at async requestHandlerImpl (D:\VERSATI GLASS\node_modules\.pnpm\next@14.2.33_@babel+core@7._7ed58a22f15b2f2041835ab71b63c437\node_modules\next\dist\server\lib\router-server.js:383:13)
[2m[WebServer] [22m    at async Server.requestListener (D:\VERSATI GLASS\node_modules\.pnpm\next@14.2.33_@babel+core@7._7ed58a22f15b2f2041835ab71b63c437\node_modules\next\dist\server\lib\start-server.js:141:13)

[1A[2K[dotenv@17.2.3] injecting env (0) from .env.test -- tip: ðŸ—‚ï¸ backup and recover secrets: https://dotenvx.com/ops

[1A[2K[36/64] [firefox] â€º e2e\01-homepage.spec.ts:10:7 â€º Homepage â€º should display hero section
[1A[2K[dotenv@17.2.3] injecting env (0) from .env.test -- tip: âš™ï¸  load multiple .env files with { path: ['.env.local', '.env'] }

[1A[2K[37/64] [firefox] â€º e2e\01-homepage.spec.ts:4:7 â€º Homepage â€º should load successfully
[1A[2K[dotenv@17.2.3] injecting env (0) from .env.test -- tip: âš™ï¸  suppress all logs with { quiet: true }

[1A[2K[38/64] [firefox] â€º e2e\01-homepage.spec.ts:24:7 â€º Homepage â€º should navigate to products page
[1A[2K[2m[WebServer] [22m[33m[auth][warn][debug-enabled][0m Read more: https://warnings.authjs.dev

[1A[2K  13) [chromium-auth] â€º e2e\03-auth-flow.spec.ts:137:7 â€º Authentication Flow â€º should logout successfully 

    [31mTest timeout of 120000ms exceeded.[39m

    attachment #1: screenshot (image/png) â”€â”€â”€â”€â”€â”€â”€â”€â”€â”€â”€â”€â”€â”€â”€â”€â”€â”€â”€â”€â”€â”€â”€â”€â”€â”€â”€â”€â”€â”€â”€â”€â”€â”€â”€â”€â”€â”€â”€â”€â”€â”€â”€â”€â”€â”€â”€â”€â”€â”€â”€â”€â”€â”€â”€â”€â”€â”€
    test-results\03-auth-flow-Authentication-Flow-should-logout-successfully-chromium-auth\test-failed-1.png
    â”€â”€â”€â”€â”€â”€â”€â”€â”€â”€â”€â”€â”€â”€â”€â”€â”€â”€â”€â”€â”€â”€â”€â”€â”€â”€â”€â”€â”€â”€â”€â”€â”€â”€â”€â”€â”€â”€â”€â”€â”€â”€â”€â”€â”€â”€â”€â”€â”€â”€â”€â”€â”€â”€â”€â”€â”€â”€â”€â”€â”€â”€â”€â”€â”€â”€â”€â”€â”€â”€â”€â”€â”€â”€â”€â”€â”€â”€â”€â”€â”€â”€â”€â”€â”€â”€â”€â”€â”€â”€â”€â”€â”€â”€â”€â”€

    Error Context: test-results\03-auth-flow-Authentication-Flow-should-logout-successfully-chromium-auth\error-context.md


[1A[2K[dotenv@17.2.3] injecting env (0) from .env.test -- tip: ðŸ› ï¸  run anywhere with `dotenvx run -- yourcommand`

[1A[2K[39/64] [firefox] â€º e2e\01-homepage.spec.ts:47:7 â€º Homepage â€º should navigate to services page
[1A[2K[2m[WebServer] [22m[33m[auth][warn][debug-enabled][0m Read more: https://warnings.authjs.dev

[1A[2K[dotenv@17.2.3] injecting env (0) from .env.test -- tip: âš™ï¸  override existing env vars with { override: true }

[1A[2K[40/64] [firefox] â€º e2e\01-homepage.spec.ts:4:7 â€º Homepage â€º should load successfully (retry #1)
[1A[2K[dotenv@17.2.3] injecting env (0) from .env.test -- tip: âš™ï¸  enable debug logging with { debug: true }

[1A[2K[41/64] [firefox] â€º e2e\01-homepage.spec.ts:10:7 â€º Homepage â€º should display hero section (retry #1)
[1A[2K[dotenv@17.2.3] injecting env (0) from .env.test -- tip: ðŸ”„ add secrets lifecycle management: https://dotenvx.com/ops

[1A[2K[42/64] [firefox] â€º e2e\01-homepage.spec.ts:24:7 â€º Homepage â€º should navigate to products page (retry #1)
[1A[2K  14) [firefox] â€º e2e\01-homepage.spec.ts:4:7 â€º Homepage â€º should load successfully â”€â”€â”€â”€â”€â”€â”€â”€â”€â”€â”€â”€â”€â”€â”€â”€

    TimeoutError: page.goto: Timeout 90000ms exceeded.
    Call log:
    [2m  - navigating to "http://localhost:3100/", waiting until "networkidle"[22m


      3 | test.describe('Homepage', () => {
      4 |   test('should load successfully', async ({ page }) => {
    > 5 |     await page.goto('/', { waitUntil: 'networkidle' })
        |                ^
      6 |     await page.waitForLoadState('domcontentloaded')
      7 |     await expect(page).toHaveTitle(/Versati Glass/)
      8 |   })
        at D:\VERSATI GLASS\e2e\01-homepage.spec.ts:5:16

    attachment #1: screenshot (image/png) â”€â”€â”€â”€â”€â”€â”€â”€â”€â”€â”€â”€â”€â”€â”€â”€â”€â”€â”€â”€â”€â”€â”€â”€â”€â”€â”€â”€â”€â”€â”€â”€â”€â”€â”€â”€â”€â”€â”€â”€â”€â”€â”€â”€â”€â”€â”€â”€â”€â”€â”€â”€â”€â”€â”€â”€â”€â”€
    test-results\01-homepage-Homepage-should-load-successfully-firefox\test-failed-1.png
    â”€â”€â”€â”€â”€â”€â”€â”€â”€â”€â”€â”€â”€â”€â”€â”€â”€â”€â”€â”€â”€â”€â”€â”€â”€â”€â”€â”€â”€â”€â”€â”€â”€â”€â”€â”€â”€â”€â”€â”€â”€â”€â”€â”€â”€â”€â”€â”€â”€â”€â”€â”€â”€â”€â”€â”€â”€â”€â”€â”€â”€â”€â”€â”€â”€â”€â”€â”€â”€â”€â”€â”€â”€â”€â”€â”€â”€â”€â”€â”€â”€â”€â”€â”€â”€â”€â”€â”€â”€â”€â”€â”€â”€â”€â”€â”€

    Error Context: test-results\01-homepage-Homepage-should-load-successfully-firefox\error-context.md


[1A[2K[43/64] [firefox] â€º e2e\01-homepage.spec.ts:70:7 â€º Homepage â€º should display contact information
[1A[2K[dotenv@17.2.3] injecting env (0) from .env.test -- tip: ðŸ—‚ï¸ backup and recover secrets: https://dotenvx.com/ops

[1A[2K[44/64] [firefox] â€º e2e\01-homepage.spec.ts:47:7 â€º Homepage â€º should navigate to services page (retry #1)
[1A[2K[2m[WebServer] [22m[33m[auth][warn][debug-enabled][0m Read more: https://warnings.authjs.dev

[1A[2K[dotenv@17.2.3] injecting env (0) from .env.test -- tip: âš™ï¸  override existing env vars with { override: true }

[1A[2K[45/64] [firefox] â€º e2e\01-homepage.spec.ts:70:7 â€º Homepage â€º should display contact information (retry #1)
[1A[2K  15) [firefox] â€º e2e\01-homepage.spec.ts:70:7 â€º Homepage â€º should display contact information â”€â”€â”€â”€â”€

    TimeoutError: page.goto: Timeout 90000ms exceeded.
    Call log:
    [2m  - navigating to "http://localhost:3100/", waiting until "networkidle"[22m


      71 |     // Use desktop viewport to ensure header elements are visible
      72 |     await page.setViewportSize({ width: 1280, height: 800 })
    > 73 |     await page.goto('/', { waitUntil: 'networkidle' })
         |                ^
      74 |     await page.waitForLoadState('domcontentloaded')
      75 |     await page.waitForTimeout(2000)
      76 |
        at D:\VERSATI GLASS\e2e\01-homepage.spec.ts:73:16

    attachment #1: screenshot (image/png) â”€â”€â”€â”€â”€â”€â”€â”€â”€â”€â”€â”€â”€â”€â”€â”€â”€â”€â”€â”€â”€â”€â”€â”€â”€â”€â”€â”€â”€â”€â”€â”€â”€â”€â”€â”€â”€â”€â”€â”€â”€â”€â”€â”€â”€â”€â”€â”€â”€â”€â”€â”€â”€â”€â”€â”€â”€â”€
    test-results\01-homepage-Homepage-should-display-contact-information-firefox\test-failed-1.png
    â”€â”€â”€â”€â”€â”€â”€â”€â”€â”€â”€â”€â”€â”€â”€â”€â”€â”€â”€â”€â”€â”€â”€â”€â”€â”€â”€â”€â”€â”€â”€â”€â”€â”€â”€â”€â”€â”€â”€â”€â”€â”€â”€â”€â”€â”€â”€â”€â”€â”€â”€â”€â”€â”€â”€â”€â”€â”€â”€â”€â”€â”€â”€â”€â”€â”€â”€â”€â”€â”€â”€â”€â”€â”€â”€â”€â”€â”€â”€â”€â”€â”€â”€â”€â”€â”€â”€â”€â”€â”€â”€â”€â”€â”€â”€â”€


[1A[2K[46/64] [firefox] â€º e2e\01-homepage.spec.ts:86:7 â€º Homepage â€º should be responsive on mobile
[1A[2K  16) [firefox] â€º e2e\01-homepage.spec.ts:47:7 â€º Homepage â€º should navigate to services page â”€â”€â”€â”€â”€â”€â”€

    TimeoutError: page.waitForURL: Timeout 60000ms exceeded.
    =========================== logs ===========================
    waiting for navigation until "load"
    ============================================================

      60 |
      61 |     // Wait for navigation
    > 62 |     await page.waitForURL(/\/servicos/, { timeout: 60000 })
         |                ^
      63 |     await page.waitForLoadState('domcontentloaded')
      64 |
      65 |     // Check services page loaded - heading is "Nossos ServiÃ§os"
        at D:\VERSATI GLASS\e2e\01-homepage.spec.ts:62:16

    attachment #1: screenshot (image/png) â”€â”€â”€â”€â”€â”€â”€â”€â”€â”€â”€â”€â”€â”€â”€â”€â”€â”€â”€â”€â”€â”€â”€â”€â”€â”€â”€â”€â”€â”€â”€â”€â”€â”€â”€â”€â”€â”€â”€â”€â”€â”€â”€â”€â”€â”€â”€â”€â”€â”€â”€â”€â”€â”€â”€â”€â”€â”€
    test-results\01-homepage-Homepage-should-navigate-to-services-page-firefox\test-failed-1.png
    â”€â”€â”€â”€â”€â”€â”€â”€â”€â”€â”€â”€â”€â”€â”€â”€â”€â”€â”€â”€â”€â”€â”€â”€â”€â”€â”€â”€â”€â”€â”€â”€â”€â”€â”€â”€â”€â”€â”€â”€â”€â”€â”€â”€â”€â”€â”€â”€â”€â”€â”€â”€â”€â”€â”€â”€â”€â”€â”€â”€â”€â”€â”€â”€â”€â”€â”€â”€â”€â”€â”€â”€â”€â”€â”€â”€â”€â”€â”€â”€â”€â”€â”€â”€â”€â”€â”€â”€â”€â”€â”€â”€â”€â”€â”€â”€

    Error Context: test-results\01-homepage-Homepage-should-navigate-to-services-page-firefox\error-context.md

    Retry #1 â”€â”€â”€â”€â”€â”€â”€â”€â”€â”€â”€â”€â”€â”€â”€â”€â”€â”€â”€â”€â”€â”€â”€â”€â”€â”€â”€â”€â”€â”€â”€â”€â”€â”€â”€â”€â”€â”€â”€â”€â”€â”€â”€â”€â”€â”€â”€â”€â”€â”€â”€â”€â”€â”€â”€â”€â”€â”€â”€â”€â”€â”€â”€â”€â”€â”€â”€â”€â”€â”€â”€â”€â”€â”€â”€â”€â”€â”€â”€â”€â”€â”€â”€â”€â”€â”€â”€

    TimeoutError: page.goto: Timeout 90000ms exceeded.
    Call log:
    [2m  - navigating to "http://localhost:3100/", waiting until "networkidle"[22m


      46 |
      47 |   test('should navigate to services page', async ({ page }) => {
    > 48 |     await page.goto('/', { waitUntil: 'networkidle' })
         |                ^
      49 |     await page.waitForLoadState('domcontentloaded')
      50 |     await page.waitForTimeout(2000)
      51 |
        at D:\VERSATI GLASS\e2e\01-homepage.spec.ts:48:16

    attachment #1: screenshot (image/png) â”€â”€â”€â”€â”€â”€â”€â”€â”€â”€â”€â”€â”€â”€â”€â”€â”€â”€â”€â”€â”€â”€â”€â”€â”€â”€â”€â”€â”€â”€â”€â”€â”€â”€â”€â”€â”€â”€â”€â”€â”€â”€â”€â”€â”€â”€â”€â”€â”€â”€â”€â”€â”€â”€â”€â”€â”€â”€
    test-results\01-homepage-Homepage-should-navigate-to-services-page-firefox-retry1\test-failed-1.png
    â”€â”€â”€â”€â”€â”€â”€â”€â”€â”€â”€â”€â”€â”€â”€â”€â”€â”€â”€â”€â”€â”€â”€â”€â”€â”€â”€â”€â”€â”€â”€â”€â”€â”€â”€â”€â”€â”€â”€â”€â”€â”€â”€â”€â”€â”€â”€â”€â”€â”€â”€â”€â”€â”€â”€â”€â”€â”€â”€â”€â”€â”€â”€â”€â”€â”€â”€â”€â”€â”€â”€â”€â”€â”€â”€â”€â”€â”€â”€â”€â”€â”€â”€â”€â”€â”€â”€â”€â”€â”€â”€â”€â”€â”€â”€â”€

    Error Context: test-results\01-homepage-Homepage-should-navigate-to-services-page-firefox-retry1\error-context.md

    attachment #3: trace (application/zip) â”€â”€â”€â”€â”€â”€â”€â”€â”€â”€â”€â”€â”€â”€â”€â”€â”€â”€â”€â”€â”€â”€â”€â”€â”€â”€â”€â”€â”€â”€â”€â”€â”€â”€â”€â”€â”€â”€â”€â”€â”€â”€â”€â”€â”€â”€â”€â”€â”€â”€â”€â”€â”€â”€â”€â”€â”€
    test-results\01-homepage-Homepage-should-navigate-to-services-page-firefox-retry1\trace.zip
    Usage:

        npx playwright show-trace test-results\01-homepage-Homepage-should-navigate-to-services-page-firefox-retry1\trace.zip

    â”€â”€â”€â”€â”€â”€â”€â”€â”€â”€â”€â”€â”€â”€â”€â”€â”€â”€â”€â”€â”€â”€â”€â”€â”€â”€â”€â”€â”€â”€â”€â”€â”€â”€â”€â”€â”€â”€â”€â”€â”€â”€â”€â”€â”€â”€â”€â”€â”€â”€â”€â”€â”€â”€â”€â”€â”€â”€â”€â”€â”€â”€â”€â”€â”€â”€â”€â”€â”€â”€â”€â”€â”€â”€â”€â”€â”€â”€â”€â”€â”€â”€â”€â”€â”€â”€â”€â”€â”€â”€â”€â”€â”€â”€â”€â”€


[1A[2K  17) [firefox] â€º e2e\01-homepage.spec.ts:10:7 â€º Homepage â€º should display hero section â”€â”€â”€â”€â”€â”€â”€â”€â”€â”€â”€â”€

    TimeoutError: page.goto: Timeout 90000ms exceeded.
    Call log:
    [2m  - navigating to "http://localhost:3100/", waiting until "networkidle"[22m


       9 |
      10 |   test('should display hero section', async ({ page }) => {
    > 11 |     await page.goto('/', { waitUntil: 'networkidle' })
         |                ^
      12 |     await page.waitForLoadState('domcontentloaded')
      13 |     await page.waitForTimeout(2000)
      14 |
        at D:\VERSATI GLASS\e2e\01-homepage.spec.ts:11:16

    attachment #1: screenshot (image/png) â”€â”€â”€â”€â”€â”€â”€â”€â”€â”€â”€â”€â”€â”€â”€â”€â”€â”€â”€â”€â”€â”€â”€â”€â”€â”€â”€â”€â”€â”€â”€â”€â”€â”€â”€â”€â”€â”€â”€â”€â”€â”€â”€â”€â”€â”€â”€â”€â”€â”€â”€â”€â”€â”€â”€â”€â”€â”€
    test-results\01-homepage-Homepage-should-display-hero-section-firefox\test-failed-1.png
    â”€â”€â”€â”€â”€â”€â”€â”€â”€â”€â”€â”€â”€â”€â”€â”€â”€â”€â”€â”€â”€â”€â”€â”€â”€â”€â”€â”€â”€â”€â”€â”€â”€â”€â”€â”€â”€â”€â”€â”€â”€â”€â”€â”€â”€â”€â”€â”€â”€â”€â”€â”€â”€â”€â”€â”€â”€â”€â”€â”€â”€â”€â”€â”€â”€â”€â”€â”€â”€â”€â”€â”€â”€â”€â”€â”€â”€â”€â”€â”€â”€â”€â”€â”€â”€â”€â”€â”€â”€â”€â”€â”€â”€â”€â”€â”€

    Error Context: test-results\01-homepage-Homepage-should-display-hero-section-firefox\error-context.md

    Retry #1 â”€â”€â”€â”€â”€â”€â”€â”€â”€â”€â”€â”€â”€â”€â”€â”€â”€â”€â”€â”€â”€â”€â”€â”€â”€â”€â”€â”€â”€â”€â”€â”€â”€â”€â”€â”€â”€â”€â”€â”€â”€â”€â”€â”€â”€â”€â”€â”€â”€â”€â”€â”€â”€â”€â”€â”€â”€â”€â”€â”€â”€â”€â”€â”€â”€â”€â”€â”€â”€â”€â”€â”€â”€â”€â”€â”€â”€â”€â”€â”€â”€â”€â”€â”€â”€â”€â”€

    [31mTest timeout of 120000ms exceeded.[39m

    Error: [2mexpect([22m[31mlocator[39m[2m).[22mtoBeVisible[2m([22m[2m)[22m failed

    Locator:  getByText(/fazer orÃ§amento/i).first()
    Expected: visible
    Received: hidden
    Timeout:  30000ms

    Call log:
    [2m  - Expect "toBeVisible" with timeout 30000ms[22m
    [2m  - waiting for getByText(/fazer orÃ§amento/i).first()[22m
    [2m    25 Ã— locator resolved to <a href="/orcamento" class="inline-flex items-center justify-center gap-2 whitespace-nowrap rounded-md text-sm font-medium transition-all duration-200 focus-visible:outline-none focus-visible:ring-2 focus-visible:ring-accent-500 focus-visible:ring-offset-2 disabled:pointer-events-none disabled:opacity-50 hover:shadow-glow active:scale-[0.98] h-10 px-6 py-2 w-full bg-[#C9A962] text-black hover:bg-[#B8944E]">Fazer OrÃ§amento</a>[22m
    [2m       - unexpected value "hidden"[22m


      19 |     // Check CTA button - look for text content instead of role
      20 |     const ctaButton = page.getByText(/fazer orÃ§amento/i).first()
    > 21 |     await expect(ctaButton).toBeVisible({ timeout: 30000 })
         |                             ^
      22 |   })
      23 |
      24 |   test('should navigate to products page', async ({ page }) => {
        at D:\VERSATI GLASS\e2e\01-homepage.spec.ts:21:29

    attachment #1: screenshot (image/png) â”€â”€â”€â”€â”€â”€â”€â”€â”€â”€â”€â”€â”€â”€â”€â”€â”€â”€â”€â”€â”€â”€â”€â”€â”€â”€â”€â”€â”€â”€â”€â”€â”€â”€â”€â”€â”€â”€â”€â”€â”€â”€â”€â”€â”€â”€â”€â”€â”€â”€â”€â”€â”€â”€â”€â”€â”€â”€
    test-results\01-homepage-Homepage-should-display-hero-section-firefox-retry1\test-failed-1.png
    â”€â”€â”€â”€â”€â”€â”€â”€â”€â”€â”€â”€â”€â”€â”€â”€â”€â”€â”€â”€â”€â”€â”€â”€â”€â”€â”€â”€â”€â”€â”€â”€â”€â”€â”€â”€â”€â”€â”€â”€â”€â”€â”€â”€â”€â”€â”€â”€â”€â”€â”€â”€â”€â”€â”€â”€â”€â”€â”€â”€â”€â”€â”€â”€â”€â”€â”€â”€â”€â”€â”€â”€â”€â”€â”€â”€â”€â”€â”€â”€â”€â”€â”€â”€â”€â”€â”€â”€â”€â”€â”€â”€â”€â”€â”€â”€

    Error Context: test-results\01-homepage-Homepage-should-display-hero-section-firefox-retry1\error-context.md

    attachment #3: trace (application/zip) â”€â”€â”€â”€â”€â”€â”€â”€â”€â”€â”€â”€â”€â”€â”€â”€â”€â”€â”€â”€â”€â”€â”€â”€â”€â”€â”€â”€â”€â”€â”€â”€â”€â”€â”€â”€â”€â”€â”€â”€â”€â”€â”€â”€â”€â”€â”€â”€â”€â”€â”€â”€â”€â”€â”€â”€â”€
    test-results\01-homepage-Homepage-should-display-hero-section-firefox-retry1\trace.zip
    Usage:

        npx playwright show-trace test-results\01-homepage-Homepage-should-display-hero-section-firefox-retry1\trace.zip

    â”€â”€â”€â”€â”€â”€â”€â”€â”€â”€â”€â”€â”€â”€â”€â”€â”€â”€â”€â”€â”€â”€â”€â”€â”€â”€â”€â”€â”€â”€â”€â”€â”€â”€â”€â”€â”€â”€â”€â”€â”€â”€â”€â”€â”€â”€â”€â”€â”€â”€â”€â”€â”€â”€â”€â”€â”€â”€â”€â”€â”€â”€â”€â”€â”€â”€â”€â”€â”€â”€â”€â”€â”€â”€â”€â”€â”€â”€â”€â”€â”€â”€â”€â”€â”€â”€â”€â”€â”€â”€â”€â”€â”€â”€â”€â”€


[1A[2K[dotenv@17.2.3] injecting env (0) from .env.test -- tip: âš™ï¸  override existing env vars with { override: true }

[1A[2K[47/64] [Mobile Chrome] â€º e2e\01-homepage.spec.ts:10:7 â€º Homepage â€º should display hero section
[1A[2K[dotenv@17.2.3] injecting env (0) from .env.test -- tip: ðŸ” prevent committing .env to code: https://dotenvx.com/precommit

[1A[2K[48/64] [Mobile Chrome] â€º e2e\01-homepage.spec.ts:24:7 â€º Homepage â€º should navigate to products page
[1A[2K  18) [firefox] â€º e2e\01-homepage.spec.ts:24:7 â€º Homepage â€º should navigate to products page â”€â”€â”€â”€â”€â”€â”€

    TimeoutError: page.goto: Timeout 90000ms exceeded.
    Call log:
    [2m  - navigating to "http://localhost:3100/", waiting until "networkidle"[22m


      23 |
      24 |   test('should navigate to products page', async ({ page }) => {
    > 25 |     await page.goto('/', { waitUntil: 'networkidle' })
         |                ^
      26 |     await page.waitForLoadState('domcontentloaded')
      27 |     await page.waitForTimeout(2000)
      28 |
        at D:\VERSATI GLASS\e2e\01-homepage.spec.ts:25:16

    attachment #1: screenshot (image/png) â”€â”€â”€â”€â”€â”€â”€â”€â”€â”€â”€â”€â”€â”€â”€â”€â”€â”€â”€â”€â”€â”€â”€â”€â”€â”€â”€â”€â”€â”€â”€â”€â”€â”€â”€â”€â”€â”€â”€â”€â”€â”€â”€â”€â”€â”€â”€â”€â”€â”€â”€â”€â”€â”€â”€â”€â”€â”€
    test-results\01-homepage-Homepage-should-navigate-to-products-page-firefox\test-failed-1.png
    â”€â”€â”€â”€â”€â”€â”€â”€â”€â”€â”€â”€â”€â”€â”€â”€â”€â”€â”€â”€â”€â”€â”€â”€â”€â”€â”€â”€â”€â”€â”€â”€â”€â”€â”€â”€â”€â”€â”€â”€â”€â”€â”€â”€â”€â”€â”€â”€â”€â”€â”€â”€â”€â”€â”€â”€â”€â”€â”€â”€â”€â”€â”€â”€â”€â”€â”€â”€â”€â”€â”€â”€â”€â”€â”€â”€â”€â”€â”€â”€â”€â”€â”€â”€â”€â”€â”€â”€â”€â”€â”€â”€â”€â”€â”€â”€

    Error Context: test-results\01-homepage-Homepage-should-navigate-to-products-page-firefox\error-context.md

    Retry #1 â”€â”€â”€â”€â”€â”€â”€â”€â”€â”€â”€â”€â”€â”€â”€â”€â”€â”€â”€â”€â”€â”€â”€â”€â”€â”€â”€â”€â”€â”€â”€â”€â”€â”€â”€â”€â”€â”€â”€â”€â”€â”€â”€â”€â”€â”€â”€â”€â”€â”€â”€â”€â”€â”€â”€â”€â”€â”€â”€â”€â”€â”€â”€â”€â”€â”€â”€â”€â”€â”€â”€â”€â”€â”€â”€â”€â”€â”€â”€â”€â”€â”€â”€â”€â”€â”€â”€

    [31mTest timeout of 120000ms exceeded.[39m

    TimeoutError: page.waitForURL: Timeout 60000ms exceeded.
    =========================== logs ===========================
    waiting for navigation until "load"
    ============================================================

      37 |
      38 |     // Wait for navigation
    > 39 |     await page.waitForURL(/\/produtos/, { timeout: 60000 })
         |                ^
      40 |     await page.waitForLoadState('domcontentloaded')
      41 |
      42 |     // Check products page loaded - use .first() to avoid strict mode violation
        at D:\VERSATI GLASS\e2e\01-homepage.spec.ts:39:16

    attachment #1: screenshot (image/png) â”€â”€â”€â”€â”€â”€â”€â”€â”€â”€â”€â”€â”€â”€â”€â”€â”€â”€â”€â”€â”€â”€â”€â”€â”€â”€â”€â”€â”€â”€â”€â”€â”€â”€â”€â”€â”€â”€â”€â”€â”€â”€â”€â”€â”€â”€â”€â”€â”€â”€â”€â”€â”€â”€â”€â”€â”€â”€
    test-results\01-homepage-Homepage-should-navigate-to-products-page-firefox-retry1\test-failed-1.png
    â”€â”€â”€â”€â”€â”€â”€â”€â”€â”€â”€â”€â”€â”€â”€â”€â”€â”€â”€â”€â”€â”€â”€â”€â”€â”€â”€â”€â”€â”€â”€â”€â”€â”€â”€â”€â”€â”€â”€â”€â”€â”€â”€â”€â”€â”€â”€â”€â”€â”€â”€â”€â”€â”€â”€â”€â”€â”€â”€â”€â”€â”€â”€â”€â”€â”€â”€â”€â”€â”€â”€â”€â”€â”€â”€â”€â”€â”€â”€â”€â”€â”€â”€â”€â”€â”€â”€â”€â”€â”€â”€â”€â”€â”€â”€â”€

    Error Context: test-results\01-homepage-Homepage-should-navigate-to-products-page-firefox-retry1\error-context.md

    attachment #3: trace (application/zip) â”€â”€â”€â”€â”€â”€â”€â”€â”€â”€â”€â”€â”€â”€â”€â”€â”€â”€â”€â”€â”€â”€â”€â”€â”€â”€â”€â”€â”€â”€â”€â”€â”€â”€â”€â”€â”€â”€â”€â”€â”€â”€â”€â”€â”€â”€â”€â”€â”€â”€â”€â”€â”€â”€â”€â”€â”€
    test-results\01-homepage-Homepage-should-navigate-to-products-page-firefox-retry1\trace.zip
    Usage:

        npx playwright show-trace test-results\01-homepage-Homepage-should-navigate-to-products-page-firefox-retry1\trace.zip

    â”€â”€â”€â”€â”€â”€â”€â”€â”€â”€â”€â”€â”€â”€â”€â”€â”€â”€â”€â”€â”€â”€â”€â”€â”€â”€â”€â”€â”€â”€â”€â”€â”€â”€â”€â”€â”€â”€â”€â”€â”€â”€â”€â”€â”€â”€â”€â”€â”€â”€â”€â”€â”€â”€â”€â”€â”€â”€â”€â”€â”€â”€â”€â”€â”€â”€â”€â”€â”€â”€â”€â”€â”€â”€â”€â”€â”€â”€â”€â”€â”€â”€â”€â”€â”€â”€â”€â”€â”€â”€â”€â”€â”€â”€â”€â”€


[1A[2K[dotenv@17.2.3] injecting env (0) from .env.test -- tip: ðŸ” encrypt with Dotenvx: https://dotenvx.com

[1A[2K[49/64] [Mobile Chrome] â€º e2e\01-homepage.spec.ts:47:7 â€º Homepage â€º should navigate to services page
[1A[2K[dotenv@17.2.3] injecting env (0) from .env.test -- tip: ðŸ—‚ï¸ backup and recover secrets: https://dotenvx.com/ops

[1A[2K[50/64] [Mobile Chrome] â€º e2e\01-homepage.spec.ts:4:7 â€º Homepage â€º should load successfully
[1A[2K[51/64] [Mobile Chrome] â€º e2e\01-homepage.spec.ts:70:7 â€º Homepage â€º should display contact information
[1A[2K[dotenv@17.2.3] injecting env (0) from .env.test -- tip: ðŸ› ï¸  run anywhere with `dotenvx run -- yourcommand`

[1A[2K[52/64] [Mobile Chrome] â€º e2e\01-homepage.spec.ts:24:7 â€º Homepage â€º should navigate to products page (retry #1)
[1A[2K[dotenv@17.2.3] injecting env (0) from .env.test -- tip: ðŸ” encrypt with Dotenvx: https://dotenvx.com

[1A[2K[53/64] [Mobile Chrome] â€º e2e\01-homepage.spec.ts:10:7 â€º Homepage â€º should display hero section (retry #1)
[1A[2K[dotenv@17.2.3] injecting env (0) from .env.test -- tip: âš™ï¸  load multiple .env files with { path: ['.env.local', '.env'] }

[1A[2K[54/64] [Mobile Chrome] â€º e2e\01-homepage.spec.ts:47:7 â€º Homepage â€º should navigate to services page (retry #1)
[1A[2K[dotenv@17.2.3] injecting env (0) from .env.test -- tip: ðŸ› ï¸  run anywhere with `dotenvx run -- yourcommand`

[1A[2K[55/64] [Mobile Chrome] â€º e2e\01-homepage.spec.ts:70:7 â€º Homepage â€º should display contact information (retry #1)
[1A[2K  19) [Mobile Chrome] â€º e2e\01-homepage.spec.ts:24:7 â€º Homepage â€º should navigate to products page â”€

    TimeoutError: page.goto: Timeout 90000ms exceeded.
    Call log:
    [2m  - navigating to "http://localhost:3100/", waiting until "networkidle"[22m


      23 |
      24 |   test('should navigate to products page', async ({ page }) => {
    > 25 |     await page.goto('/', { waitUntil: 'networkidle' })
         |                ^
      26 |     await page.waitForLoadState('domcontentloaded')
      27 |     await page.waitForTimeout(2000)
      28 |
        at D:\VERSATI GLASS\e2e\01-homepage.spec.ts:25:16

    attachment #1: screenshot (image/png) â”€â”€â”€â”€â”€â”€â”€â”€â”€â”€â”€â”€â”€â”€â”€â”€â”€â”€â”€â”€â”€â”€â”€â”€â”€â”€â”€â”€â”€â”€â”€â”€â”€â”€â”€â”€â”€â”€â”€â”€â”€â”€â”€â”€â”€â”€â”€â”€â”€â”€â”€â”€â”€â”€â”€â”€â”€â”€
    test-results\01-homepage-Homepage-should-navigate-to-products-page-Mobile-Chrome\test-failed-1.png
    â”€â”€â”€â”€â”€â”€â”€â”€â”€â”€â”€â”€â”€â”€â”€â”€â”€â”€â”€â”€â”€â”€â”€â”€â”€â”€â”€â”€â”€â”€â”€â”€â”€â”€â”€â”€â”€â”€â”€â”€â”€â”€â”€â”€â”€â”€â”€â”€â”€â”€â”€â”€â”€â”€â”€â”€â”€â”€â”€â”€â”€â”€â”€â”€â”€â”€â”€â”€â”€â”€â”€â”€â”€â”€â”€â”€â”€â”€â”€â”€â”€â”€â”€â”€â”€â”€â”€â”€â”€â”€â”€â”€â”€â”€â”€â”€

    Error Context: test-results\01-homepage-Homepage-should-navigate-to-products-page-Mobile-Chrome\error-context.md


[1A[2K[56/64] [Mobile Chrome] â€º e2e\01-homepage.spec.ts:86:7 â€º Homepage â€º should be responsive on mobile
[1A[2K  20) [Mobile Chrome] â€º e2e\01-homepage.spec.ts:10:7 â€º Homepage â€º should display hero section â”€â”€â”€â”€â”€â”€

    TimeoutError: page.goto: Timeout 90000ms exceeded.
    Call log:
    [2m  - navigating to "http://localhost:3100/", waiting until "networkidle"[22m


       9 |
      10 |   test('should display hero section', async ({ page }) => {
    > 11 |     await page.goto('/', { waitUntil: 'networkidle' })
         |                ^
      12 |     await page.waitForLoadState('domcontentloaded')
      13 |     await page.waitForTimeout(2000)
      14 |
        at D:\VERSATI GLASS\e2e\01-homepage.spec.ts:11:16

    attachment #1: screenshot (image/png) â”€â”€â”€â”€â”€â”€â”€â”€â”€â”€â”€â”€â”€â”€â”€â”€â”€â”€â”€â”€â”€â”€â”€â”€â”€â”€â”€â”€â”€â”€â”€â”€â”€â”€â”€â”€â”€â”€â”€â”€â”€â”€â”€â”€â”€â”€â”€â”€â”€â”€â”€â”€â”€â”€â”€â”€â”€â”€
    test-results\01-homepage-Homepage-should-display-hero-section-Mobile-Chrome\test-failed-1.png
    â”€â”€â”€â”€â”€â”€â”€â”€â”€â”€â”€â”€â”€â”€â”€â”€â”€â”€â”€â”€â”€â”€â”€â”€â”€â”€â”€â”€â”€â”€â”€â”€â”€â”€â”€â”€â”€â”€â”€â”€â”€â”€â”€â”€â”€â”€â”€â”€â”€â”€â”€â”€â”€â”€â”€â”€â”€â”€â”€â”€â”€â”€â”€â”€â”€â”€â”€â”€â”€â”€â”€â”€â”€â”€â”€â”€â”€â”€â”€â”€â”€â”€â”€â”€â”€â”€â”€â”€â”€â”€â”€â”€â”€â”€â”€â”€

    Error Context: test-results\01-homepage-Homepage-should-display-hero-section-Mobile-Chrome\error-context.md

    Retry #1 â”€â”€â”€â”€â”€â”€â”€â”€â”€â”€â”€â”€â”€â”€â”€â”€â”€â”€â”€â”€â”€â”€â”€â”€â”€â”€â”€â”€â”€â”€â”€â”€â”€â”€â”€â”€â”€â”€â”€â”€â”€â”€â”€â”€â”€â”€â”€â”€â”€â”€â”€â”€â”€â”€â”€â”€â”€â”€â”€â”€â”€â”€â”€â”€â”€â”€â”€â”€â”€â”€â”€â”€â”€â”€â”€â”€â”€â”€â”€â”€â”€â”€â”€â”€â”€â”€â”€

    Error: [2mexpect([22m[31mlocator[39m[2m).[22mtoBeVisible[2m([22m[2m)[22m failed

    Locator:  getByText(/fazer orÃ§amento/i).first()
    Expected: visible
    Received: hidden
    Timeout:  30000ms

    Call log:
    [2m  - Expect "toBeVisible" with timeout 30000ms[22m
    [2m  - waiting for getByText(/fazer orÃ§amento/i).first()[22m
    [2m    30 Ã— locator resolved to <a href="/orcamento" class="inline-flex items-center justify-center gap-2 whitespace-nowrap rounded-md text-sm font-medium transition-all duration-200 focus-visible:outline-none focus-visible:ring-2 focus-visible:ring-accent-500 focus-visible:ring-offset-2 disabled:pointer-events-none disabled:opacity-50 hover:shadow-glow active:scale-[0.98] h-10 px-6 py-2 bg-[#C9A962] text-black hover:bg-[#B8944E]">Fazer OrÃ§amento</a>[22m
    [2m       - unexpected value "hidden"[22m


      19 |     // Check CTA button - look for text content instead of role
      20 |     const ctaButton = page.getByText(/fazer orÃ§amento/i).first()
    > 21 |     await expect(ctaButton).toBeVisible({ timeout: 30000 })
         |                             ^
      22 |   })
      23 |
      24 |   test('should navigate to products page', async ({ page }) => {
        at D:\VERSATI GLASS\e2e\01-homepage.spec.ts:21:29

    attachment #1: screenshot (image/png) â”€â”€â”€â”€â”€â”€â”€â”€â”€â”€â”€â”€â”€â”€â”€â”€â”€â”€â”€â”€â”€â”€â”€â”€â”€â”€â”€â”€â”€â”€â”€â”€â”€â”€â”€â”€â”€â”€â”€â”€â”€â”€â”€â”€â”€â”€â”€â”€â”€â”€â”€â”€â”€â”€â”€â”€â”€â”€
    test-results\01-homepage-Homepage-should-display-hero-section-Mobile-Chrome-retry1\test-failed-1.png
    â”€â”€â”€â”€â”€â”€â”€â”€â”€â”€â”€â”€â”€â”€â”€â”€â”€â”€â”€â”€â”€â”€â”€â”€â”€â”€â”€â”€â”€â”€â”€â”€â”€â”€â”€â”€â”€â”€â”€â”€â”€â”€â”€â”€â”€â”€â”€â”€â”€â”€â”€â”€â”€â”€â”€â”€â”€â”€â”€â”€â”€â”€â”€â”€â”€â”€â”€â”€â”€â”€â”€â”€â”€â”€â”€â”€â”€â”€â”€â”€â”€â”€â”€â”€â”€â”€â”€â”€â”€â”€â”€â”€â”€â”€â”€â”€

    Error Context: test-results\01-homepage-Homepage-should-display-hero-section-Mobile-Chrome-retry1\error-context.md

    attachment #3: trace (application/zip) â”€â”€â”€â”€â”€â”€â”€â”€â”€â”€â”€â”€â”€â”€â”€â”€â”€â”€â”€â”€â”€â”€â”€â”€â”€â”€â”€â”€â”€â”€â”€â”€â”€â”€â”€â”€â”€â”€â”€â”€â”€â”€â”€â”€â”€â”€â”€â”€â”€â”€â”€â”€â”€â”€â”€â”€â”€
    test-results\01-homepage-Homepage-should-display-hero-section-Mobile-Chrome-retry1\trace.zip
    Usage:

        npx playwright show-trace test-results\01-homepage-Homepage-should-display-hero-section-Mobile-Chrome-retry1\trace.zip

    â”€â”€â”€â”€â”€â”€â”€â”€â”€â”€â”€â”€â”€â”€â”€â”€â”€â”€â”€â”€â”€â”€â”€â”€â”€â”€â”€â”€â”€â”€â”€â”€â”€â”€â”€â”€â”€â”€â”€â”€â”€â”€â”€â”€â”€â”€â”€â”€â”€â”€â”€â”€â”€â”€â”€â”€â”€â”€â”€â”€â”€â”€â”€â”€â”€â”€â”€â”€â”€â”€â”€â”€â”€â”€â”€â”€â”€â”€â”€â”€â”€â”€â”€â”€â”€â”€â”€â”€â”€â”€â”€â”€â”€â”€â”€â”€


[1A[2K  21) [Mobile Chrome] â€º e2e\01-homepage.spec.ts:47:7 â€º Homepage â€º should navigate to services page â”€

    [31mTest timeout of 120000ms exceeded.[39m

    Error: locator.click: Test timeout of 120000ms exceeded.
    Call log:
    [2m  - waiting for getByRole('link', { name: /serviÃ§os/i }).first()[22m


      56 |     } else {
      57 |       // Fallback to text-based search
    > 58 |       await page.getByRole('link', { name: /serviÃ§os/i }).first().click()
         |                                                                   ^
      59 |     }
      60 |
      61 |     // Wait for navigation
        at D:\VERSATI GLASS\e2e\01-homepage.spec.ts:58:67

    attachment #1: screenshot (image/png) â”€â”€â”€â”€â”€â”€â”€â”€â”€â”€â”€â”€â”€â”€â”€â”€â”€â”€â”€â”€â”€â”€â”€â”€â”€â”€â”€â”€â”€â”€â”€â”€â”€â”€â”€â”€â”€â”€â”€â”€â”€â”€â”€â”€â”€â”€â”€â”€â”€â”€â”€â”€â”€â”€â”€â”€â”€â”€
    test-results\01-homepage-Homepage-should-navigate-to-services-page-Mobile-Chrome\test-failed-1.png
    â”€â”€â”€â”€â”€â”€â”€â”€â”€â”€â”€â”€â”€â”€â”€â”€â”€â”€â”€â”€â”€â”€â”€â”€â”€â”€â”€â”€â”€â”€â”€â”€â”€â”€â”€â”€â”€â”€â”€â”€â”€â”€â”€â”€â”€â”€â”€â”€â”€â”€â”€â”€â”€â”€â”€â”€â”€â”€â”€â”€â”€â”€â”€â”€â”€â”€â”€â”€â”€â”€â”€â”€â”€â”€â”€â”€â”€â”€â”€â”€â”€â”€â”€â”€â”€â”€â”€â”€â”€â”€â”€â”€â”€â”€â”€â”€

    Error Context: test-results\01-homepage-Homepage-should-navigate-to-services-page-Mobile-Chrome\error-context.md

    Retry #1 â”€â”€â”€â”€â”€â”€â”€â”€â”€â”€â”€â”€â”€â”€â”€â”€â”€â”€â”€â”€â”€â”€â”€â”€â”€â”€â”€â”€â”€â”€â”€â”€â”€â”€â”€â”€â”€â”€â”€â”€â”€â”€â”€â”€â”€â”€â”€â”€â”€â”€â”€â”€â”€â”€â”€â”€â”€â”€â”€â”€â”€â”€â”€â”€â”€â”€â”€â”€â”€â”€â”€â”€â”€â”€â”€â”€â”€â”€â”€â”€â”€â”€â”€â”€â”€â”€â”€

    TimeoutError: locator.click: Timeout 60000ms exceeded.
    Call log:
    [2m  - waiting for getByRole('link', { name: /serviÃ§os/i }).first()[22m


      56 |     } else {
      57 |       // Fallback to text-based search
    > 58 |       await page.getByRole('link', { name: /serviÃ§os/i }).first().click()
         |                                                                   ^
      59 |     }
      60 |
      61 |     // Wait for navigation
        at D:\VERSATI GLASS\e2e\01-homepage.spec.ts:58:67

    attachment #1: screenshot (image/png) â”€â”€â”€â”€â”€â”€â”€â”€â”€â”€â”€â”€â”€â”€â”€â”€â”€â”€â”€â”€â”€â”€â”€â”€â”€â”€â”€â”€â”€â”€â”€â”€â”€â”€â”€â”€â”€â”€â”€â”€â”€â”€â”€â”€â”€â”€â”€â”€â”€â”€â”€â”€â”€â”€â”€â”€â”€â”€
    test-results\01-homepage-Homepage-should-navigate-to-services-page-Mobile-Chrome-retry1\test-failed-1.png
    â”€â”€â”€â”€â”€â”€â”€â”€â”€â”€â”€â”€â”€â”€â”€â”€â”€â”€â”€â”€â”€â”€â”€â”€â”€â”€â”€â”€â”€â”€â”€â”€â”€â”€â”€â”€â”€â”€â”€â”€â”€â”€â”€â”€â”€â”€â”€â”€â”€â”€â”€â”€â”€â”€â”€â”€â”€â”€â”€â”€â”€â”€â”€â”€â”€â”€â”€â”€â”€â”€â”€â”€â”€â”€â”€â”€â”€â”€â”€â”€â”€â”€â”€â”€â”€â”€â”€â”€â”€â”€â”€â”€â”€â”€â”€â”€

    Error Context: test-results\01-homepage-Homepage-should-navigate-to-services-page-Mobile-Chrome-retry1\error-context.md

    attachment #3: trace (application/zip) â”€â”€â”€â”€â”€â”€â”€â”€â”€â”€â”€â”€â”€â”€â”€â”€â”€â”€â”€â”€â”€â”€â”€â”€â”€â”€â”€â”€â”€â”€â”€â”€â”€â”€â”€â”€â”€â”€â”€â”€â”€â”€â”€â”€â”€â”€â”€â”€â”€â”€â”€â”€â”€â”€â”€â”€â”€
    test-results\01-homepage-Homepage-should-navigate-to-services-page-Mobile-Chrome-retry1\trace.zip
    Usage:

        npx playwright show-trace test-results\01-homepage-Homepage-should-navigate-to-services-page-Mobile-Chrome-retry1\trace.zip

    â”€â”€â”€â”€â”€â”€â”€â”€â”€â”€â”€â”€â”€â”€â”€â”€â”€â”€â”€â”€â”€â”€â”€â”€â”€â”€â”€â”€â”€â”€â”€â”€â”€â”€â”€â”€â”€â”€â”€â”€â”€â”€â”€â”€â”€â”€â”€â”€â”€â”€â”€â”€â”€â”€â”€â”€â”€â”€â”€â”€â”€â”€â”€â”€â”€â”€â”€â”€â”€â”€â”€â”€â”€â”€â”€â”€â”€â”€â”€â”€â”€â”€â”€â”€â”€â”€â”€â”€â”€â”€â”€â”€â”€â”€â”€â”€


[1A[2K  22) [Mobile Chrome] â€º e2e\01-homepage.spec.ts:70:7 â€º Homepage â€º should display contact information 

    TimeoutError: page.goto: Timeout 90000ms exceeded.
    Call log:
    [2m  - navigating to "http://localhost:3100/", waiting until "networkidle"[22m


      71 |     // Use desktop viewport to ensure header elements are visible
      72 |     await page.setViewportSize({ width: 1280, height: 800 })
    > 73 |     await page.goto('/', { waitUntil: 'networkidle' })
         |                ^
      74 |     await page.waitForLoadState('domcontentloaded')
      75 |     await page.waitForTimeout(2000)
      76 |
        at D:\VERSATI GLASS\e2e\01-homepage.spec.ts:73:16

    attachment #1: screenshot (image/png) â”€â”€â”€â”€â”€â”€â”€â”€â”€â”€â”€â”€â”€â”€â”€â”€â”€â”€â”€â”€â”€â”€â”€â”€â”€â”€â”€â”€â”€â”€â”€â”€â”€â”€â”€â”€â”€â”€â”€â”€â”€â”€â”€â”€â”€â”€â”€â”€â”€â”€â”€â”€â”€â”€â”€â”€â”€â”€
    test-results\01-homepage-Homepage-should-display-contact-information-Mobile-Chrome\test-failed-1.png
    â”€â”€â”€â”€â”€â”€â”€â”€â”€â”€â”€â”€â”€â”€â”€â”€â”€â”€â”€â”€â”€â”€â”€â”€â”€â”€â”€â”€â”€â”€â”€â”€â”€â”€â”€â”€â”€â”€â”€â”€â”€â”€â”€â”€â”€â”€â”€â”€â”€â”€â”€â”€â”€â”€â”€â”€â”€â”€â”€â”€â”€â”€â”€â”€â”€â”€â”€â”€â”€â”€â”€â”€â”€â”€â”€â”€â”€â”€â”€â”€â”€â”€â”€â”€â”€â”€â”€â”€â”€â”€â”€â”€â”€â”€â”€â”€

    Error Context: test-results\01-homepage-Homepage-should-display-contact-information-Mobile-Chrome\error-context.md

    Retry #1 â”€â”€â”€â”€â”€â”€â”€â”€â”€â”€â”€â”€â”€â”€â”€â”€â”€â”€â”€â”€â”€â”€â”€â”€â”€â”€â”€â”€â”€â”€â”€â”€â”€â”€â”€â”€â”€â”€â”€â”€â”€â”€â”€â”€â”€â”€â”€â”€â”€â”€â”€â”€â”€â”€â”€â”€â”€â”€â”€â”€â”€â”€â”€â”€â”€â”€â”€â”€â”€â”€â”€â”€â”€â”€â”€â”€â”€â”€â”€â”€â”€â”€â”€â”€â”€â”€â”€

    TimeoutError: page.goto: Timeout 90000ms exceeded.
    Call log:
    [2m  - navigating to "http://localhost:3100/", waiting until "networkidle"[22m


      71 |     // Use desktop viewport to ensure header elements are visible
      72 |     await page.setViewportSize({ width: 1280, height: 800 })
    > 73 |     await page.goto('/', { waitUntil: 'networkidle' })
         |                ^
      74 |     await page.waitForLoadState('domcontentloaded')
      75 |     await page.waitForTimeout(2000)
      76 |
        at D:\VERSATI GLASS\e2e\01-homepage.spec.ts:73:16

    attachment #1: screenshot (image/png) â”€â”€â”€â”€â”€â”€â”€â”€â”€â”€â”€â”€â”€â”€â”€â”€â”€â”€â”€â”€â”€â”€â”€â”€â”€â”€â”€â”€â”€â”€â”€â”€â”€â”€â”€â”€â”€â”€â”€â”€â”€â”€â”€â”€â”€â”€â”€â”€â”€â”€â”€â”€â”€â”€â”€â”€â”€â”€
    test-results\01-homepage-Homepage-should-display-contact-information-Mobile-Chrome-retry1\test-failed-1.png
    â”€â”€â”€â”€â”€â”€â”€â”€â”€â”€â”€â”€â”€â”€â”€â”€â”€â”€â”€â”€â”€â”€â”€â”€â”€â”€â”€â”€â”€â”€â”€â”€â”€â”€â”€â”€â”€â”€â”€â”€â”€â”€â”€â”€â”€â”€â”€â”€â”€â”€â”€â”€â”€â”€â”€â”€â”€â”€â”€â”€â”€â”€â”€â”€â”€â”€â”€â”€â”€â”€â”€â”€â”€â”€â”€â”€â”€â”€â”€â”€â”€â”€â”€â”€â”€â”€â”€â”€â”€â”€â”€â”€â”€â”€â”€â”€

    Error Context: test-results\01-homepage-Homepage-should-display-contact-information-Mobile-Chrome-retry1\error-context.md

    attachment #3: trace (application/zip) â”€â”€â”€â”€â”€â”€â”€â”€â”€â”€â”€â”€â”€â”€â”€â”€â”€â”€â”€â”€â”€â”€â”€â”€â”€â”€â”€â”€â”€â”€â”€â”€â”€â”€â”€â”€â”€â”€â”€â”€â”€â”€â”€â”€â”€â”€â”€â”€â”€â”€â”€â”€â”€â”€â”€â”€â”€
    test-results\01-homepage-Homepage-should-display-contact-information-Mobile-Chrome-retry1\trace.zip
    Usage:

        npx playwright show-trace test-results\01-homepage-Homepage-should-display-contact-information-Mobile-Chrome-retry1\trace.zip

    â”€â”€â”€â”€â”€â”€â”€â”€â”€â”€â”€â”€â”€â”€â”€â”€â”€â”€â”€â”€â”€â”€â”€â”€â”€â”€â”€â”€â”€â”€â”€â”€â”€â”€â”€â”€â”€â”€â”€â”€â”€â”€â”€â”€â”€â”€â”€â”€â”€â”€â”€â”€â”€â”€â”€â”€â”€â”€â”€â”€â”€â”€â”€â”€â”€â”€â”€â”€â”€â”€â”€â”€â”€â”€â”€â”€â”€â”€â”€â”€â”€â”€â”€â”€â”€â”€â”€â”€â”€â”€â”€â”€â”€â”€â”€â”€


[1A[2K[dotenv@17.2.3] injecting env (0) from .env.test -- tip: âš™ï¸  enable debug logging with { debug: true }

[1A[2K[57/64] [Mobile Chrome] â€º e2e\01-homepage.spec.ts:86:7 â€º Homepage â€º should be responsive on mobile (retry #1)
[1A[2K  23) [Mobile Chrome] â€º e2e\01-homepage.spec.ts:86:7 â€º Homepage â€º should be responsive on mobile â”€â”€â”€

    TimeoutError: page.goto: Timeout 90000ms exceeded.
    Call log:
    [2m  - navigating to "http://localhost:3100/", waiting until "networkidle"[22m


      86 |   test('should be responsive on mobile', async ({ page }) => {
      87 |     await page.setViewportSize({ width: 375, height: 667 })
    > 88 |     await page.goto('/', { waitUntil: 'networkidle' })
         |                ^
      89 |     await page.waitForLoadState('domcontentloaded')
      90 |     await page.waitForTimeout(2000)
      91 |
        at D:\VERSATI GLASS\e2e\01-homepage.spec.ts:88:16

    attachment #1: screenshot (image/png) â”€â”€â”€â”€â”€â”€â”€â”€â”€â”€â”€â”€â”€â”€â”€â”€â”€â”€â”€â”€â”€â”€â”€â”€â”€â”€â”€â”€â”€â”€â”€â”€â”€â”€â”€â”€â”€â”€â”€â”€â”€â”€â”€â”€â”€â”€â”€â”€â”€â”€â”€â”€â”€â”€â”€â”€â”€â”€
    test-results\01-homepage-Homepage-should-be-responsive-on-mobile-Mobile-Chrome\test-failed-1.png
    â”€â”€â”€â”€â”€â”€â”€â”€â”€â”€â”€â”€â”€â”€â”€â”€â”€â”€â”€â”€â”€â”€â”€â”€â”€â”€â”€â”€â”€â”€â”€â”€â”€â”€â”€â”€â”€â”€â”€â”€â”€â”€â”€â”€â”€â”€â”€â”€â”€â”€â”€â”€â”€â”€â”€â”€â”€â”€â”€â”€â”€â”€â”€â”€â”€â”€â”€â”€â”€â”€â”€â”€â”€â”€â”€â”€â”€â”€â”€â”€â”€â”€â”€â”€â”€â”€â”€â”€â”€â”€â”€â”€â”€â”€â”€â”€

    Error Context: test-results\01-homepage-Homepage-should-be-responsive-on-mobile-Mobile-Chrome\error-context.md

    Retry #1 â”€â”€â”€â”€â”€â”€â”€â”€â”€â”€â”€â”€â”€â”€â”€â”€â”€â”€â”€â”€â”€â”€â”€â”€â”€â”€â”€â”€â”€â”€â”€â”€â”€â”€â”€â”€â”€â”€â”€â”€â”€â”€â”€â”€â”€â”€â”€â”€â”€â”€â”€â”€â”€â”€â”€â”€â”€â”€â”€â”€â”€â”€â”€â”€â”€â”€â”€â”€â”€â”€â”€â”€â”€â”€â”€â”€â”€â”€â”€â”€â”€â”€â”€â”€â”€â”€â”€

    TimeoutError: page.goto: Timeout 90000ms exceeded.
    Call log:
    [2m  - navigating to "http://localhost:3100/", waiting until "networkidle"[22m


      86 |   test('should be responsive on mobile', async ({ page }) => {
      87 |     await page.setViewportSize({ width: 375, height: 667 })
    > 88 |     await page.goto('/', { waitUntil: 'networkidle' })
         |                ^
      89 |     await page.waitForLoadState('domcontentloaded')
      90 |     await page.waitForTimeout(2000)
      91 |
        at D:\VERSATI GLASS\e2e\01-homepage.spec.ts:88:16

    attachment #1: screenshot (image/png) â”€â”€â”€â”€â”€â”€â”€â”€â”€â”€â”€â”€â”€â”€â”€â”€â”€â”€â”€â”€â”€â”€â”€â”€â”€â”€â”€â”€â”€â”€â”€â”€â”€â”€â”€â”€â”€â”€â”€â”€â”€â”€â”€â”€â”€â”€â”€â”€â”€â”€â”€â”€â”€â”€â”€â”€â”€â”€
    test-results\01-homepage-Homepage-should-be-responsive-on-mobile-Mobile-Chrome-retry1\test-failed-1.png
    â”€â”€â”€â”€â”€â”€â”€â”€â”€â”€â”€â”€â”€â”€â”€â”€â”€â”€â”€â”€â”€â”€â”€â”€â”€â”€â”€â”€â”€â”€â”€â”€â”€â”€â”€â”€â”€â”€â”€â”€â”€â”€â”€â”€â”€â”€â”€â”€â”€â”€â”€â”€â”€â”€â”€â”€â”€â”€â”€â”€â”€â”€â”€â”€â”€â”€â”€â”€â”€â”€â”€â”€â”€â”€â”€â”€â”€â”€â”€â”€â”€â”€â”€â”€â”€â”€â”€â”€â”€â”€â”€â”€â”€â”€â”€â”€

    Error Context: test-results\01-homepage-Homepage-should-be-responsive-on-mobile-Mobile-Chrome-retry1\error-context.md

    attachment #3: trace (application/zip) â”€â”€â”€â”€â”€â”€â”€â”€â”€â”€â”€â”€â”€â”€â”€â”€â”€â”€â”€â”€â”€â”€â”€â”€â”€â”€â”€â”€â”€â”€â”€â”€â”€â”€â”€â”€â”€â”€â”€â”€â”€â”€â”€â”€â”€â”€â”€â”€â”€â”€â”€â”€â”€â”€â”€â”€â”€
    test-results\01-homepage-Homepage-should-be-responsive-on-mobile-Mobile-Chrome-retry1\trace.zip
    Usage:

        npx playwright show-trace test-results\01-homepage-Homepage-should-be-responsive-on-mobile-Mobile-Chrome-retry1\trace.zip

    â”€â”€â”€â”€â”€â”€â”€â”€â”€â”€â”€â”€â”€â”€â”€â”€â”€â”€â”€â”€â”€â”€â”€â”€â”€â”€â”€â”€â”€â”€â”€â”€â”€â”€â”€â”€â”€â”€â”€â”€â”€â”€â”€â”€â”€â”€â”€â”€â”€â”€â”€â”€â”€â”€â”€â”€â”€â”€â”€â”€â”€â”€â”€â”€â”€â”€â”€â”€â”€â”€â”€â”€â”€â”€â”€â”€â”€â”€â”€â”€â”€â”€â”€â”€â”€â”€â”€â”€â”€â”€â”€â”€â”€â”€â”€â”€


[1A[2K  16 failed
    [setup] â€º e2e\auth.setup.ts:16:6 â€º authenticate as customer â”€â”€â”€â”€â”€â”€â”€â”€â”€â”€â”€â”€â”€â”€â”€â”€â”€â”€â”€â”€â”€â”€â”€â”€â”€â”€â”€â”€â”€â”€â”€â”€â”€â”€â”€â”€
    [setup] â€º e2e\auth.setup.ts:53:6 â€º authenticate as admin â”€â”€â”€â”€â”€â”€â”€â”€â”€â”€â”€â”€â”€â”€â”€â”€â”€â”€â”€â”€â”€â”€â”€â”€â”€â”€â”€â”€â”€â”€â”€â”€â”€â”€â”€â”€â”€â”€â”€
    [chromium-public] â€º e2e\01-homepage.spec.ts:86:7 â€º Homepage â€º should be responsive on mobile â”€â”€â”€
    [chromium-public] â€º e2e\02-quote-flow.spec.ts:4:7 â€º Quote Flow - End to End â€º should complete full quote request flow 
    [chromium-public] â€º e2e\02-quote-flow.spec.ts:82:7 â€º Quote Flow - End to End â€º should validate category selection 
    [chromium-public] â€º e2e\02-quote-flow.spec.ts:103:7 â€º Quote Flow - End to End â€º should allow navigation back and forth 
    [chromium-public] â€º e2e\02-quote-flow.spec.ts:152:7 â€º Quote Flow - End to End â€º should show cart with items 
    [chromium-auth] â€º e2e\03-auth-flow.spec.ts:4:7 â€º Authentication Flow â€º should register new user 
    [chromium-auth] â€º e2e\03-auth-flow.spec.ts:33:7 â€º Authentication Flow â€º should login with valid credentials 
    [firefox] â€º e2e\01-homepage.spec.ts:10:7 â€º Homepage â€º should display hero section â”€â”€â”€â”€â”€â”€â”€â”€â”€â”€â”€â”€â”€â”€
    [firefox] â€º e2e\01-homepage.spec.ts:24:7 â€º Homepage â€º should navigate to products page â”€â”€â”€â”€â”€â”€â”€â”€â”€
    [firefox] â€º e2e\01-homepage.spec.ts:47:7 â€º Homepage â€º should navigate to services page â”€â”€â”€â”€â”€â”€â”€â”€â”€
    [Mobile Chrome] â€º e2e\01-homepage.spec.ts:10:7 â€º Homepage â€º should display hero section â”€â”€â”€â”€â”€â”€â”€â”€
    [Mobile Chrome] â€º e2e\01-homepage.spec.ts:47:7 â€º Homepage â€º should navigate to services page â”€â”€â”€
    [Mobile Chrome] â€º e2e\01-homepage.spec.ts:70:7 â€º Homepage â€º should display contact information â”€
    [Mobile Chrome] â€º e2e\01-homepage.spec.ts:86:7 â€º Homepage â€º should be responsive on mobile â”€â”€â”€â”€â”€
  7 flaky
    [chromium-public] â€º e2e\01-homepage.spec.ts:24:7 â€º Homepage â€º should navigate to products page â”€
    [chromium-public] â€º e2e\01-homepage.spec.ts:47:7 â€º Homepage â€º should navigate to services page â”€
    [chromium-auth] â€º e2e\03-auth-flow.spec.ts:69:7 â€º Authentication Flow â€º should validate email format 
    [chromium-auth] â€º e2e\03-auth-flow.spec.ts:137:7 â€º Authentication Flow â€º should logout successfully 
    [firefox] â€º e2e\01-homepage.spec.ts:4:7 â€º Homepage â€º should load successfully â”€â”€â”€â”€â”€â”€â”€â”€â”€â”€â”€â”€â”€â”€â”€â”€â”€â”€
    [firefox] â€º e2e\01-homepage.spec.ts:70:7 â€º Homepage â€º should display contact information â”€â”€â”€â”€â”€â”€â”€
    [Mobile Chrome] â€º e2e\01-homepage.spec.ts:24:7 â€º Homepage â€º should navigate to products page â”€â”€â”€
  30 did not run
  11 passed (37.8m)
